{"/Users/salscrudato/Projects/neurastack-backend/config/ensemblePrompts.js": {"path":"/Users/salscrudato/Projects/neurastack-backend/config/ensemblePrompts.js","statementMap":{"0":{"start":{"line":4,"column":13},"end":{"line":4,"column":50}},"1":{"start":{"line":7,"column":22},"end":{"line":20,"column":1}},"2":{"start":{"line":23,"column":21},"end":{"line":44,"column":1}},"3":{"start":{"line":46,"column":26},"end":{"line":46,"column":44}},"4":{"start":{"line":47,"column":22},"end":{"line":47,"column":41}},"5":{"start":{"line":49,"column":0},"end":{"line":206,"column":2}},"6":{"start":{"line":170,"column":35},"end":{"line":174,"column":3}},"7":{"start":{"line":178,"column":18},"end":{"line":191,"column":5}},"8":{"start":{"line":193,"column":22},"end":{"line":193,"column":47}},"9":{"start":{"line":194,"column":20},"end":{"line":194,"column":21}},"10":{"start":{"line":196,"column":4},"end":{"line":202,"column":7}},"11":{"start":{"line":197,"column":25},"end":{"line":197,"column":47}},"12":{"start":{"line":198,"column":6},"end":{"line":201,"column":7}},"13":{"start":{"line":199,"column":8},"end":{"line":199,"column":62}},"14":{"start":{"line":200,"column":8},"end":{"line":200,"column":65}},"15":{"start":{"line":204,"column":4},"end":{"line":204,"column":21}}},"fnMap":{"0":{"name":"(anonymous_0)","decl":{"start":{"line":170,"column":17},"end":{"line":170,"column":18}},"loc":{"start":{"line":170,"column":35},"end":{"line":174,"column":3}},"line":170},"1":{"name":"(anonymous_1)","decl":{"start":{"line":177,"column":16},"end":{"line":177,"column":17}},"loc":{"start":{"line":177,"column":63},"end":{"line":205,"column":3}},"line":177},"2":{"name":"(anonymous_2)","decl":{"start":{"line":196,"column":69},"end":{"line":196,"column":70}},"loc":{"start":{"line":196,"column":78},"end":{"line":202,"column":5}},"line":196}},"branchMap":{"0":{"loc":{"start":{"line":4,"column":13},"end":{"line":4,"column":50}},"type":"binary-expr","locations":[{"start":{"line":4,"column":13},"end":{"line":4,"column":40}},{"start":{"line":4,"column":44},"end":{"line":4,"column":50}}],"line":4},"1":{"loc":{"start":{"line":55,"column":29},"end":{"line":55,"column":76}},"type":"cond-expr","locations":[{"start":{"line":55,"column":47},"end":{"line":55,"column":61}},{"start":{"line":55,"column":64},"end":{"line":55,"column":76}}],"line":55},"2":{"loc":{"start":{"line":72,"column":11},"end":{"line":94,"column":77}},"type":"cond-expr","locations":[{"start":{"line":73,"column":8},"end":{"line":83,"column":66}},{"start":{"line":84,"column":8},"end":{"line":94,"column":77}}],"line":72},"3":{"loc":{"start":{"line":96,"column":12},"end":{"line":118,"column":76}},"type":"cond-expr","locations":[{"start":{"line":97,"column":8},"end":{"line":107,"column":62}},{"start":{"line":108,"column":8},"end":{"line":118,"column":76}}],"line":96},"4":{"loc":{"start":{"line":120,"column":12},"end":{"line":142,"column":68}},"type":"cond-expr","locations":[{"start":{"line":121,"column":8},"end":{"line":131,"column":53}},{"start":{"line":132,"column":8},"end":{"line":142,"column":68}}],"line":120},"5":{"loc":{"start":{"line":144,"column":17},"end":{"line":166,"column":92}},"type":"cond-expr","locations":[{"start":{"line":145,"column":8},"end":{"line":155,"column":76}},{"start":{"line":156,"column":8},"end":{"line":166,"column":92}}],"line":144},"6":{"loc":{"start":{"line":170,"column":18},"end":{"line":170,"column":29}},"type":"default-arg","locations":[{"start":{"line":170,"column":25},"end":{"line":170,"column":29}}],"line":170},"7":{"loc":{"start":{"line":171,"column":12},"end":{"line":171,"column":53}},"type":"binary-expr","locations":[{"start":{"line":171,"column":12},"end":{"line":171,"column":31}},{"start":{"line":171,"column":35},"end":{"line":171,"column":53}}],"line":171},"8":{"loc":{"start":{"line":172,"column":12},"end":{"line":172,"column":51}},"type":"binary-expr","locations":[{"start":{"line":172,"column":12},"end":{"line":172,"column":30}},{"start":{"line":172,"column":34},"end":{"line":172,"column":51}}],"line":172},"9":{"loc":{"start":{"line":177,"column":47},"end":{"line":177,"column":58}},"type":"default-arg","locations":[{"start":{"line":177,"column":54},"end":{"line":177,"column":58}}],"line":177},"10":{"loc":{"start":{"line":193,"column":22},"end":{"line":193,"column":47}},"type":"binary-expr","locations":[{"start":{"line":193,"column":22},"end":{"line":193,"column":33}},{"start":{"line":193,"column":37},"end":{"line":193,"column":47}}],"line":193},"11":{"loc":{"start":{"line":196,"column":18},"end":{"line":196,"column":59}},"type":"binary-expr","locations":[{"start":{"line":196,"column":18},"end":{"line":196,"column":37}},{"start":{"line":196,"column":41},"end":{"line":196,"column":59}}],"line":196},"12":{"loc":{"start":{"line":198,"column":6},"end":{"line":201,"column":7}},"type":"if","locations":[{"start":{"line":198,"column":6},"end":{"line":201,"column":7}},{"start":{},"end":{}}],"line":198}},"s":{"0":1,"1":1,"2":1,"3":1,"4":1,"5":1,"6":0,"7":0,"8":0,"9":0,"10":0,"11":0,"12":0,"13":0,"14":0,"15":0},"f":{"0":0,"1":0,"2":0},"b":{"0":[1,1],"1":[1,0],"2":[1,0],"3":[1,0],"4":[1,0],"5":[1,0],"6":[0],"7":[0,0],"8":[0,0],"9":[0],"10":[0,0],"11":[0,0],"12":[0,0]},"_coverageSchema":"1a1c01bbd47fc00a2c39e90264f33305004495a9","hash":"528cbb25611044762ecfebc157a9781db537c865"}
,"/Users/salscrudato/Projects/neurastack-backend/config/openai.js": {"path":"/Users/salscrudato/Projects/neurastack-backend/config/openai.js","statementMap":{"0":{"start":{"line":1,"column":15},"end":{"line":1,"column":32}},"1":{"start":{"line":2,"column":0},"end":{"line":2,"column":27}},"2":{"start":{"line":4,"column":15},"end":{"line":6,"column":2}},"3":{"start":{"line":8,"column":0},"end":{"line":8,"column":24}}},"fnMap":{},"branchMap":{},"s":{"0":1,"1":1,"2":1,"3":1},"f":{},"b":{},"_coverageSchema":"1a1c01bbd47fc00a2c39e90264f33305004495a9","hash":"5f037fab2c131053b510ecdc29e8f319325b7d73"}
,"/Users/salscrudato/Projects/neurastack-backend/config/prompts.js": {"path":"/Users/salscrudato/Projects/neurastack-backend/config/prompts.js","statementMap":{"0":{"start":{"line":1,"column":0},"end":{"line":3,"column":2}}},"fnMap":{},"branchMap":{},"s":{"0":1},"f":{},"b":{},"_coverageSchema":"1a1c01bbd47fc00a2c39e90264f33305004495a9","hash":"5292dd5a0e2dc1ba18007b3eb528e2c19295c5f5"}
,"/Users/salscrudato/Projects/neurastack-backend/routes/alerts.js": {"path":"/Users/salscrudato/Projects/neurastack-backend/routes/alerts.js","statementMap":{"0":{"start":{"line":6,"column":16},"end":{"line":6,"column":34}},"1":{"start":{"line":7,"column":15},"end":{"line":7,"column":31}},"2":{"start":{"line":8,"column":14},"end":{"line":8,"column":39}},"3":{"start":{"line":9,"column":26},"end":{"line":9,"column":66}},"4":{"start":{"line":13,"column":2},"end":{"line":13,"column":36}},"5":{"start":{"line":18,"column":17},"end":{"line":18,"column":33}},"6":{"start":{"line":19,"column":2},"end":{"line":21,"column":3}},"7":{"start":{"line":20,"column":4},"end":{"line":20,"column":52}},"8":{"start":{"line":22,"column":2},"end":{"line":26,"column":4}},"9":{"start":{"line":30,"column":21},"end":{"line":52,"column":1}},"10":{"start":{"line":31,"column":2},"end":{"line":51,"column":3}},"11":{"start":{"line":32,"column":18},"end":{"line":32,"column":67}},"12":{"start":{"line":33,"column":4},"end":{"line":35,"column":5}},"13":{"start":{"line":34,"column":6},"end":{"line":34,"column":77}},"14":{"start":{"line":37,"column":25},"end":{"line":37,"column":64}},"15":{"start":{"line":38,"column":19},"end":{"line":38,"column":35}},"16":{"start":{"line":41,"column":20},"end":{"line":41,"column":81}},"17":{"start":{"line":42,"column":4},"end":{"line":44,"column":5}},"18":{"start":{"line":43,"column":6},"end":{"line":43,"column":70}},"19":{"start":{"line":46,"column":4},"end":{"line":46,"column":50}},"20":{"start":{"line":47,"column":4},"end":{"line":47,"column":11}},"21":{"start":{"line":49,"column":4},"end":{"line":49,"column":50}},"22":{"start":{"line":50,"column":4},"end":{"line":50,"column":68}},"23":{"start":{"line":60,"column":0},"end":{"line":73,"column":3}},"24":{"start":{"line":61,"column":2},"end":{"line":72,"column":3}},"25":{"start":{"line":62,"column":35},"end":{"line":62,"column":53}},"26":{"start":{"line":63,"column":20},"end":{"line":63,"column":59}},"27":{"start":{"line":64,"column":4},"end":{"line":68,"column":7}},"28":{"start":{"line":70,"column":4},"end":{"line":70,"column":57}},"29":{"start":{"line":71,"column":4},"end":{"line":71,"column":74}},"30":{"start":{"line":79,"column":0},"end":{"line":94,"column":3}},"31":{"start":{"line":80,"column":2},"end":{"line":93,"column":3}},"32":{"start":{"line":81,"column":19},"end":{"line":81,"column":67}},"33":{"start":{"line":82,"column":4},"end":{"line":84,"column":5}},"34":{"start":{"line":83,"column":6},"end":{"line":83,"column":78}},"35":{"start":{"line":86,"column":4},"end":{"line":89,"column":7}},"36":{"start":{"line":91,"column":4},"end":{"line":91,"column":56}},"37":{"start":{"line":92,"column":4},"end":{"line":92,"column":73}},"38":{"start":{"line":100,"column":0},"end":{"line":118,"column":3}},"39":{"start":{"line":101,"column":2},"end":{"line":117,"column":3}},"40":{"start":{"line":102,"column":19},"end":{"line":102,"column":71}},"41":{"start":{"line":104,"column":4},"end":{"line":108,"column":7}},"42":{"start":{"line":110,"column":4},"end":{"line":113,"column":7}},"43":{"start":{"line":115,"column":4},"end":{"line":115,"column":57}},"44":{"start":{"line":116,"column":4},"end":{"line":116,"column":76}},"45":{"start":{"line":124,"column":0},"end":{"line":141,"column":3}},"46":{"start":{"line":125,"column":2},"end":{"line":140,"column":3}},"47":{"start":{"line":126,"column":19},"end":{"line":126,"column":86}},"48":{"start":{"line":128,"column":4},"end":{"line":131,"column":7}},"49":{"start":{"line":133,"column":4},"end":{"line":136,"column":7}},"50":{"start":{"line":138,"column":4},"end":{"line":138,"column":57}},"51":{"start":{"line":139,"column":4},"end":{"line":139,"column":93}},"52":{"start":{"line":147,"column":0},"end":{"line":164,"column":3}},"53":{"start":{"line":148,"column":2},"end":{"line":163,"column":3}},"54":{"start":{"line":149,"column":4},"end":{"line":149,"column":62}},"55":{"start":{"line":151,"column":4},"end":{"line":154,"column":7}},"56":{"start":{"line":156,"column":4},"end":{"line":159,"column":7}},"57":{"start":{"line":161,"column":4},"end":{"line":161,"column":57}},"58":{"start":{"line":162,"column":4},"end":{"line":162,"column":93}},"59":{"start":{"line":172,"column":0},"end":{"line":184,"column":3}},"60":{"start":{"line":173,"column":2},"end":{"line":183,"column":3}},"61":{"start":{"line":174,"column":21},"end":{"line":174,"column":68}},"62":{"start":{"line":175,"column":4},"end":{"line":179,"column":7}},"63":{"start":{"line":181,"column":4},"end":{"line":181,"column":65}},"64":{"start":{"line":182,"column":4},"end":{"line":182,"column":75}},"65":{"start":{"line":190,"column":0},"end":{"line":205,"column":3}},"66":{"start":{"line":191,"column":2},"end":{"line":204,"column":3}},"67":{"start":{"line":192,"column":20},"end":{"line":192,"column":76}},"68":{"start":{"line":193,"column":4},"end":{"line":195,"column":5}},"69":{"start":{"line":194,"column":6},"end":{"line":194,"column":79}},"70":{"start":{"line":197,"column":4},"end":{"line":200,"column":7}},"71":{"start":{"line":202,"column":4},"end":{"line":202,"column":64}},"72":{"start":{"line":203,"column":4},"end":{"line":203,"column":74}},"73":{"start":{"line":211,"column":0},"end":{"line":228,"column":3}},"74":{"start":{"line":212,"column":2},"end":{"line":227,"column":3}},"75":{"start":{"line":213,"column":20},"end":{"line":213,"column":95}},"76":{"start":{"line":215,"column":4},"end":{"line":218,"column":7}},"77":{"start":{"line":220,"column":4},"end":{"line":223,"column":7}},"78":{"start":{"line":225,"column":4},"end":{"line":225,"column":65}},"79":{"start":{"line":226,"column":4},"end":{"line":226,"column":94}},"80":{"start":{"line":236,"column":0},"end":{"line":248,"column":3}},"81":{"start":{"line":237,"column":2},"end":{"line":247,"column":3}},"82":{"start":{"line":238,"column":19},"end":{"line":238,"column":56}},"83":{"start":{"line":239,"column":4},"end":{"line":243,"column":7}},"84":{"start":{"line":245,"column":4},"end":{"line":245,"column":57}},"85":{"start":{"line":246,"column":4},"end":{"line":246,"column":67}},"86":{"start":{"line":254,"column":0},"end":{"line":271,"column":3}},"87":{"start":{"line":255,"column":2},"end":{"line":270,"column":3}},"88":{"start":{"line":256,"column":18},"end":{"line":256,"column":89}},"89":{"start":{"line":258,"column":4},"end":{"line":261,"column":7}},"90":{"start":{"line":263,"column":4},"end":{"line":266,"column":7}},"91":{"start":{"line":268,"column":4},"end":{"line":268,"column":55}},"92":{"start":{"line":269,"column":4},"end":{"line":269,"column":84}},"93":{"start":{"line":279,"column":0},"end":{"line":296,"column":3}},"94":{"start":{"line":280,"column":2},"end":{"line":295,"column":3}},"95":{"start":{"line":281,"column":18},"end":{"line":281,"column":50}},"96":{"start":{"line":282,"column":19},"end":{"line":282,"column":43}},"97":{"start":{"line":284,"column":19},"end":{"line":284,"column":75}},"98":{"start":{"line":286,"column":4},"end":{"line":291,"column":7}},"99":{"start":{"line":293,"column":4},"end":{"line":293,"column":57}},"100":{"start":{"line":294,"column":4},"end":{"line":294,"column":67}},"101":{"start":{"line":304,"column":0},"end":{"line":324,"column":3}},"102":{"start":{"line":305,"column":2},"end":{"line":323,"column":3}},"103":{"start":{"line":306,"column":18},"end":{"line":306,"column":48}},"104":{"start":{"line":307,"column":23},"end":{"line":307,"column":66}},"105":{"start":{"line":308,"column":25},"end":{"line":308,"column":70}},"106":{"start":{"line":310,"column":4},"end":{"line":319,"column":7}},"107":{"start":{"line":321,"column":4},"end":{"line":321,"column":56}},"108":{"start":{"line":322,"column":4},"end":{"line":322,"column":66}},"109":{"start":{"line":330,"column":0},"end":{"line":346,"column":3}},"110":{"start":{"line":331,"column":2},"end":{"line":345,"column":3}},"111":{"start":{"line":332,"column":4},"end":{"line":332,"column":38}},"112":{"start":{"line":334,"column":4},"end":{"line":336,"column":7}},"113":{"start":{"line":338,"column":4},"end":{"line":341,"column":7}},"114":{"start":{"line":343,"column":4},"end":{"line":343,"column":57}},"115":{"start":{"line":344,"column":4},"end":{"line":344,"column":68}},"116":{"start":{"line":352,"column":0},"end":{"line":368,"column":3}},"117":{"start":{"line":353,"column":2},"end":{"line":367,"column":3}},"118":{"start":{"line":354,"column":4},"end":{"line":354,"column":31}},"119":{"start":{"line":356,"column":4},"end":{"line":358,"column":7}},"120":{"start":{"line":360,"column":4},"end":{"line":363,"column":7}},"121":{"start":{"line":365,"column":4},"end":{"line":365,"column":57}},"122":{"start":{"line":366,"column":4},"end":{"line":366,"column":67}},"123":{"start":{"line":376,"column":0},"end":{"line":400,"column":3}},"124":{"start":{"line":377,"column":2},"end":{"line":399,"column":3}},"125":{"start":{"line":378,"column":22},"end":{"line":378,"column":30}},"126":{"start":{"line":379,"column":4},"end":{"line":381,"column":5}},"127":{"start":{"line":380,"column":6},"end":{"line":380,"column":71}},"128":{"start":{"line":383,"column":19},"end":{"line":383,"column":74}},"129":{"start":{"line":385,"column":4},"end":{"line":389,"column":7}},"130":{"start":{"line":391,"column":4},"end":{"line":395,"column":7}},"131":{"start":{"line":397,"column":4},"end":{"line":397,"column":54}},"132":{"start":{"line":398,"column":4},"end":{"line":398,"column":82}},"133":{"start":{"line":406,"column":0},"end":{"line":430,"column":3}},"134":{"start":{"line":407,"column":2},"end":{"line":429,"column":3}},"135":{"start":{"line":408,"column":29},"end":{"line":408,"column":37}},"136":{"start":{"line":409,"column":4},"end":{"line":411,"column":5}},"137":{"start":{"line":410,"column":6},"end":{"line":410,"column":69}},"138":{"start":{"line":413,"column":19},"end":{"line":413,"column":81}},"139":{"start":{"line":415,"column":4},"end":{"line":419,"column":7}},"140":{"start":{"line":421,"column":4},"end":{"line":425,"column":7}},"141":{"start":{"line":427,"column":4},"end":{"line":427,"column":56}},"142":{"start":{"line":428,"column":4},"end":{"line":428,"column":84}},"143":{"start":{"line":436,"column":0},"end":{"line":452,"column":3}},"144":{"start":{"line":437,"column":2},"end":{"line":451,"column":3}},"145":{"start":{"line":438,"column":18},"end":{"line":438,"column":49}},"146":{"start":{"line":439,"column":24},"end":{"line":439,"column":85}},"147":{"start":{"line":441,"column":4},"end":{"line":447,"column":7}},"148":{"start":{"line":449,"column":4},"end":{"line":449,"column":57}},"149":{"start":{"line":450,"column":4},"end":{"line":450,"column":67}},"150":{"start":{"line":454,"column":0},"end":{"line":454,"column":24}}},"fnMap":{"0":{"name":"getAlertEngine","decl":{"start":{"line":12,"column":9},"end":{"line":12,"column":23}},"loc":{"start":{"line":12,"column":26},"end":{"line":14,"column":1}},"line":12},"1":{"name":"getAlertServices","decl":{"start":{"line":17,"column":9},"end":{"line":17,"column":25}},"loc":{"start":{"line":17,"column":28},"end":{"line":27,"column":1}},"line":17},"2":{"name":"(anonymous_2)","decl":{"start":{"line":30,"column":21},"end":{"line":30,"column":22}},"loc":{"start":{"line":30,"column":47},"end":{"line":52,"column":1}},"line":30},"3":{"name":"(anonymous_3)","decl":{"start":{"line":60,"column":37},"end":{"line":60,"column":38}},"loc":{"start":{"line":60,"column":51},"end":{"line":73,"column":1}},"line":60},"4":{"name":"(anonymous_4)","decl":{"start":{"line":79,"column":41},"end":{"line":79,"column":42}},"loc":{"start":{"line":79,"column":55},"end":{"line":94,"column":1}},"line":79},"5":{"name":"(anonymous_5)","decl":{"start":{"line":100,"column":38},"end":{"line":100,"column":39}},"loc":{"start":{"line":100,"column":58},"end":{"line":118,"column":1}},"line":100},"6":{"name":"(anonymous_6)","decl":{"start":{"line":124,"column":41},"end":{"line":124,"column":42}},"loc":{"start":{"line":124,"column":61},"end":{"line":141,"column":1}},"line":124},"7":{"name":"(anonymous_7)","decl":{"start":{"line":147,"column":44},"end":{"line":147,"column":45}},"loc":{"start":{"line":147,"column":64},"end":{"line":164,"column":1}},"line":147},"8":{"name":"(anonymous_8)","decl":{"start":{"line":172,"column":38},"end":{"line":172,"column":39}},"loc":{"start":{"line":172,"column":52},"end":{"line":184,"column":1}},"line":172},"9":{"name":"(anonymous_9)","decl":{"start":{"line":190,"column":42},"end":{"line":190,"column":43}},"loc":{"start":{"line":190,"column":56},"end":{"line":205,"column":1}},"line":190},"10":{"name":"(anonymous_10)","decl":{"start":{"line":211,"column":42},"end":{"line":211,"column":43}},"loc":{"start":{"line":211,"column":62},"end":{"line":228,"column":1}},"line":211},"11":{"name":"(anonymous_11)","decl":{"start":{"line":236,"column":36},"end":{"line":236,"column":37}},"loc":{"start":{"line":236,"column":50},"end":{"line":248,"column":1}},"line":236},"12":{"name":"(anonymous_12)","decl":{"start":{"line":254,"column":46},"end":{"line":254,"column":47}},"loc":{"start":{"line":254,"column":66},"end":{"line":271,"column":1}},"line":254},"13":{"name":"(anonymous_13)","decl":{"start":{"line":279,"column":37},"end":{"line":279,"column":38}},"loc":{"start":{"line":279,"column":57},"end":{"line":296,"column":1}},"line":279},"14":{"name":"(anonymous_14)","decl":{"start":{"line":304,"column":36},"end":{"line":304,"column":37}},"loc":{"start":{"line":304,"column":50},"end":{"line":324,"column":1}},"line":304},"15":{"name":"(anonymous_15)","decl":{"start":{"line":330,"column":43},"end":{"line":330,"column":44}},"loc":{"start":{"line":330,"column":63},"end":{"line":346,"column":1}},"line":330},"16":{"name":"(anonymous_16)","decl":{"start":{"line":352,"column":42},"end":{"line":352,"column":43}},"loc":{"start":{"line":352,"column":56},"end":{"line":368,"column":1}},"line":352},"17":{"name":"(anonymous_17)","decl":{"start":{"line":376,"column":41},"end":{"line":376,"column":42}},"loc":{"start":{"line":376,"column":61},"end":{"line":400,"column":1}},"line":376},"18":{"name":"(anonymous_18)","decl":{"start":{"line":406,"column":43},"end":{"line":406,"column":44}},"loc":{"start":{"line":406,"column":63},"end":{"line":430,"column":1}},"line":406},"19":{"name":"(anonymous_19)","decl":{"start":{"line":436,"column":43},"end":{"line":436,"column":44}},"loc":{"start":{"line":436,"column":63},"end":{"line":452,"column":1}},"line":436}},"branchMap":{"0":{"loc":{"start":{"line":19,"column":2},"end":{"line":21,"column":3}},"type":"if","locations":[{"start":{"line":19,"column":2},"end":{"line":21,"column":3}},{"start":{},"end":{}}],"line":19},"1":{"loc":{"start":{"line":33,"column":4},"end":{"line":35,"column":5}},"type":"if","locations":[{"start":{"line":33,"column":4},"end":{"line":35,"column":5}},{"start":{},"end":{}}],"line":33},"2":{"loc":{"start":{"line":42,"column":4},"end":{"line":44,"column":5}},"type":"if","locations":[{"start":{"line":42,"column":4},"end":{"line":44,"column":5}},{"start":{},"end":{}}],"line":42},"3":{"loc":{"start":{"line":42,"column":8},"end":{"line":42,"column":58}},"type":"binary-expr","locations":[{"start":{"line":42,"column":8},"end":{"line":42,"column":23}},{"start":{"line":42,"column":27},"end":{"line":42,"column":58}}],"line":42},"4":{"loc":{"start":{"line":82,"column":4},"end":{"line":84,"column":5}},"type":"if","locations":[{"start":{"line":82,"column":4},"end":{"line":84,"column":5}},{"start":{},"end":{}}],"line":82},"5":{"loc":{"start":{"line":139,"column":34},"end":{"line":139,"column":89}},"type":"binary-expr","locations":[{"start":{"line":139,"column":34},"end":{"line":139,"column":47}},{"start":{"line":139,"column":51},"end":{"line":139,"column":89}}],"line":139},"6":{"loc":{"start":{"line":162,"column":34},"end":{"line":162,"column":89}},"type":"binary-expr","locations":[{"start":{"line":162,"column":34},"end":{"line":162,"column":47}},{"start":{"line":162,"column":51},"end":{"line":162,"column":89}}],"line":162},"7":{"loc":{"start":{"line":193,"column":4},"end":{"line":195,"column":5}},"type":"if","locations":[{"start":{"line":193,"column":4},"end":{"line":195,"column":5}},{"start":{},"end":{}}],"line":193},"8":{"loc":{"start":{"line":226,"column":34},"end":{"line":226,"column":90}},"type":"binary-expr","locations":[{"start":{"line":226,"column":34},"end":{"line":226,"column":47}},{"start":{"line":226,"column":51},"end":{"line":226,"column":90}}],"line":226},"9":{"loc":{"start":{"line":269,"column":34},"end":{"line":269,"column":80}},"type":"binary-expr","locations":[{"start":{"line":269,"column":34},"end":{"line":269,"column":47}},{"start":{"line":269,"column":51},"end":{"line":269,"column":80}}],"line":269},"10":{"loc":{"start":{"line":281,"column":18},"end":{"line":281,"column":50}},"type":"binary-expr","locations":[{"start":{"line":281,"column":18},"end":{"line":281,"column":43}},{"start":{"line":281,"column":47},"end":{"line":281,"column":50}}],"line":281},"11":{"loc":{"start":{"line":282,"column":19},"end":{"line":282,"column":43}},"type":"binary-expr","locations":[{"start":{"line":282,"column":19},"end":{"line":282,"column":35}},{"start":{"line":282,"column":39},"end":{"line":282,"column":43}}],"line":282},"12":{"loc":{"start":{"line":379,"column":4},"end":{"line":381,"column":5}},"type":"if","locations":[{"start":{"line":379,"column":4},"end":{"line":381,"column":5}},{"start":{},"end":{}}],"line":379},"13":{"loc":{"start":{"line":398,"column":34},"end":{"line":398,"column":78}},"type":"binary-expr","locations":[{"start":{"line":398,"column":34},"end":{"line":398,"column":47}},{"start":{"line":398,"column":51},"end":{"line":398,"column":78}}],"line":398},"14":{"loc":{"start":{"line":409,"column":4},"end":{"line":411,"column":5}},"type":"if","locations":[{"start":{"line":409,"column":4},"end":{"line":411,"column":5}},{"start":{},"end":{}}],"line":409},"15":{"loc":{"start":{"line":428,"column":34},"end":{"line":428,"column":80}},"type":"binary-expr","locations":[{"start":{"line":428,"column":34},"end":{"line":428,"column":47}},{"start":{"line":428,"column":51},"end":{"line":428,"column":80}}],"line":428},"16":{"loc":{"start":{"line":438,"column":18},"end":{"line":438,"column":49}},"type":"binary-expr","locations":[{"start":{"line":438,"column":18},"end":{"line":438,"column":43}},{"start":{"line":438,"column":47},"end":{"line":438,"column":49}}],"line":438}},"s":{"0":1,"1":1,"2":1,"3":1,"4":0,"5":0,"6":0,"7":0,"8":0,"9":1,"10":0,"11":0,"12":0,"13":0,"14":0,"15":0,"16":0,"17":0,"18":0,"19":0,"20":0,"21":0,"22":0,"23":1,"24":0,"25":0,"26":0,"27":0,"28":0,"29":0,"30":1,"31":0,"32":0,"33":0,"34":0,"35":0,"36":0,"37":0,"38":1,"39":0,"40":0,"41":0,"42":0,"43":0,"44":0,"45":1,"46":0,"47":0,"48":0,"49":0,"50":0,"51":0,"52":1,"53":0,"54":0,"55":0,"56":0,"57":0,"58":0,"59":1,"60":0,"61":0,"62":0,"63":0,"64":0,"65":1,"66":0,"67":0,"68":0,"69":0,"70":0,"71":0,"72":0,"73":1,"74":0,"75":0,"76":0,"77":0,"78":0,"79":0,"80":1,"81":0,"82":0,"83":0,"84":0,"85":0,"86":1,"87":0,"88":0,"89":0,"90":0,"91":0,"92":0,"93":1,"94":0,"95":0,"96":0,"97":0,"98":0,"99":0,"100":0,"101":1,"102":0,"103":0,"104":0,"105":0,"106":0,"107":0,"108":0,"109":1,"110":0,"111":0,"112":0,"113":0,"114":0,"115":0,"116":1,"117":0,"118":0,"119":0,"120":0,"121":0,"122":0,"123":1,"124":0,"125":0,"126":0,"127":0,"128":0,"129":0,"130":0,"131":0,"132":0,"133":1,"134":0,"135":0,"136":0,"137":0,"138":0,"139":0,"140":0,"141":0,"142":0,"143":1,"144":0,"145":0,"146":0,"147":0,"148":0,"149":0,"150":1},"f":{"0":0,"1":0,"2":0,"3":0,"4":0,"5":0,"6":0,"7":0,"8":0,"9":0,"10":0,"11":0,"12":0,"13":0,"14":0,"15":0,"16":0,"17":0,"18":0,"19":0},"b":{"0":[0,0],"1":[0,0],"2":[0,0],"3":[0,0],"4":[0,0],"5":[0,0],"6":[0,0],"7":[0,0],"8":[0,0],"9":[0,0],"10":[0,0],"11":[0,0],"12":[0,0],"13":[0,0],"14":[0,0],"15":[0,0],"16":[0,0]},"_coverageSchema":"1a1c01bbd47fc00a2c39e90264f33305004495a9","hash":"f9216fd85826d05238dfca6d7c6cb2d207d58043"}
,"/Users/salscrudato/Projects/neurastack-backend/routes/auth.js": {"path":"/Users/salscrudato/Projects/neurastack-backend/routes/auth.js","statementMap":{"0":{"start":{"line":6,"column":16},"end":{"line":6,"column":34}},"1":{"start":{"line":7,"column":30},"end":{"line":7,"column":74}},"2":{"start":{"line":8,"column":27},"end":{"line":8,"column":70}},"3":{"start":{"line":9,"column":36},"end":{"line":9,"column":86}},"4":{"start":{"line":11,"column":15},"end":{"line":11,"column":31}},"5":{"start":{"line":16,"column":0},"end":{"line":59,"column":2}},"6":{"start":{"line":22,"column":4},"end":{"line":57,"column":5}},"7":{"start":{"line":23,"column":32},"end":{"line":23,"column":40}},"8":{"start":{"line":25,"column":6},"end":{"line":30,"column":7}},"9":{"start":{"line":26,"column":8},"end":{"line":29,"column":11}},"10":{"start":{"line":33,"column":19},"end":{"line":33,"column":87}},"11":{"start":{"line":36,"column":23},"end":{"line":36,"column":64}},"12":{"start":{"line":38,"column":6},"end":{"line":49,"column":9}},"13":{"start":{"line":52,"column":6},"end":{"line":52,"column":52}},"14":{"start":{"line":53,"column":6},"end":{"line":56,"column":9}},"15":{"start":{"line":64,"column":0},"end":{"line":116,"column":2}},"16":{"start":{"line":71,"column":4},"end":{"line":114,"column":5}},"17":{"start":{"line":72,"column":36},"end":{"line":72,"column":44}},"18":{"start":{"line":73,"column":21},"end":{"line":73,"column":31}},"19":{"start":{"line":74,"column":23},"end":{"line":74,"column":46}},"20":{"start":{"line":77,"column":31},"end":{"line":77,"column":57}},"21":{"start":{"line":78,"column":35},"end":{"line":78,"column":58}},"22":{"start":{"line":80,"column":6},"end":{"line":86,"column":7}},"23":{"start":{"line":81,"column":43},"end":{"line":81,"column":71}},"24":{"start":{"line":82,"column":8},"end":{"line":85,"column":11}},"25":{"start":{"line":89,"column":25},"end":{"line":94,"column":7}},"26":{"start":{"line":96,"column":6},"end":{"line":106,"column":9}},"27":{"start":{"line":109,"column":6},"end":{"line":109,"column":54}},"28":{"start":{"line":110,"column":6},"end":{"line":113,"column":9}},"29":{"start":{"line":121,"column":0},"end":{"line":142,"column":2}},"30":{"start":{"line":124,"column":4},"end":{"line":140,"column":5}},"31":{"start":{"line":125,"column":21},"end":{"line":125,"column":31}},"32":{"start":{"line":126,"column":22},"end":{"line":126,"column":66}},"33":{"start":{"line":128,"column":6},"end":{"line":132,"column":9}},"34":{"start":{"line":135,"column":6},"end":{"line":135,"column":53}},"35":{"start":{"line":136,"column":6},"end":{"line":139,"column":9}},"36":{"start":{"line":147,"column":0},"end":{"line":188,"column":2}},"37":{"start":{"line":151,"column":4},"end":{"line":186,"column":5}},"38":{"start":{"line":152,"column":24},"end":{"line":152,"column":34}},"39":{"start":{"line":153,"column":21},"end":{"line":153,"column":31}},"40":{"start":{"line":156,"column":23},"end":{"line":156,"column":67}},"41":{"start":{"line":157,"column":24},"end":{"line":157,"column":88}},"42":{"start":{"line":157,"column":45},"end":{"line":157,"column":87}},"43":{"start":{"line":159,"column":6},"end":{"line":164,"column":7}},"44":{"start":{"line":160,"column":8},"end":{"line":163,"column":11}},"45":{"start":{"line":166,"column":22},"end":{"line":166,"column":63}},"46":{"start":{"line":168,"column":6},"end":{"line":178,"column":7}},"47":{"start":{"line":169,"column":8},"end":{"line":172,"column":11}},"48":{"start":{"line":174,"column":8},"end":{"line":177,"column":11}},"49":{"start":{"line":181,"column":6},"end":{"line":181,"column":56}},"50":{"start":{"line":182,"column":6},"end":{"line":185,"column":9}},"51":{"start":{"line":193,"column":0},"end":{"line":218,"column":2}},"52":{"start":{"line":196,"column":4},"end":{"line":216,"column":5}},"53":{"start":{"line":197,"column":21},"end":{"line":197,"column":31}},"54":{"start":{"line":198,"column":23},"end":{"line":198,"column":45}},"55":{"start":{"line":200,"column":30},"end":{"line":200,"column":100}},"56":{"start":{"line":202,"column":6},"end":{"line":208,"column":9}},"57":{"start":{"line":211,"column":6},"end":{"line":211,"column":55}},"58":{"start":{"line":212,"column":6},"end":{"line":215,"column":9}},"59":{"start":{"line":223,"column":0},"end":{"line":253,"column":2}},"60":{"start":{"line":226,"column":4},"end":{"line":251,"column":5}},"61":{"start":{"line":228,"column":6},"end":{"line":233,"column":7}},"62":{"start":{"line":229,"column":8},"end":{"line":232,"column":11}},"63":{"start":{"line":235,"column":30},"end":{"line":235,"column":69}},"64":{"start":{"line":236,"column":34},"end":{"line":236,"column":74}},"65":{"start":{"line":238,"column":6},"end":{"line":243,"column":9}},"66":{"start":{"line":246,"column":6},"end":{"line":246,"column":54}},"67":{"start":{"line":247,"column":6},"end":{"line":250,"column":9}},"68":{"start":{"line":258,"column":0},"end":{"line":293,"column":2}},"69":{"start":{"line":261,"column":4},"end":{"line":291,"column":5}},"70":{"start":{"line":262,"column":24},"end":{"line":262,"column":32}},"71":{"start":{"line":264,"column":6},"end":{"line":269,"column":7}},"72":{"start":{"line":265,"column":8},"end":{"line":268,"column":11}},"73":{"start":{"line":271,"column":22},"end":{"line":271,"column":62}},"74":{"start":{"line":273,"column":6},"end":{"line":283,"column":9}},"75":{"start":{"line":286,"column":6},"end":{"line":290,"column":9}},"76":{"start":{"line":298,"column":0},"end":{"line":320,"column":2}},"77":{"start":{"line":300,"column":4},"end":{"line":318,"column":5}},"78":{"start":{"line":301,"column":6},"end":{"line":312,"column":9}},"79":{"start":{"line":314,"column":6},"end":{"line":317,"column":9}},"80":{"start":{"line":322,"column":0},"end":{"line":322,"column":24}}},"fnMap":{"0":{"name":"(anonymous_0)","decl":{"start":{"line":21,"column":2},"end":{"line":21,"column":3}},"loc":{"start":{"line":21,"column":22},"end":{"line":58,"column":3}},"line":21},"1":{"name":"(anonymous_1)","decl":{"start":{"line":70,"column":2},"end":{"line":70,"column":3}},"loc":{"start":{"line":70,"column":22},"end":{"line":115,"column":3}},"line":70},"2":{"name":"(anonymous_2)","decl":{"start":{"line":81,"column":38},"end":{"line":81,"column":39}},"loc":{"start":{"line":81,"column":43},"end":{"line":81,"column":71}},"line":81},"3":{"name":"(anonymous_3)","decl":{"start":{"line":123,"column":2},"end":{"line":123,"column":3}},"loc":{"start":{"line":123,"column":22},"end":{"line":141,"column":3}},"line":123},"4":{"name":"(anonymous_4)","decl":{"start":{"line":150,"column":2},"end":{"line":150,"column":3}},"loc":{"start":{"line":150,"column":22},"end":{"line":187,"column":3}},"line":150},"5":{"name":"(anonymous_5)","decl":{"start":{"line":157,"column":38},"end":{"line":157,"column":39}},"loc":{"start":{"line":157,"column":45},"end":{"line":157,"column":87}},"line":157},"6":{"name":"(anonymous_6)","decl":{"start":{"line":195,"column":2},"end":{"line":195,"column":3}},"loc":{"start":{"line":195,"column":22},"end":{"line":217,"column":3}},"line":195},"7":{"name":"(anonymous_7)","decl":{"start":{"line":225,"column":2},"end":{"line":225,"column":3}},"loc":{"start":{"line":225,"column":22},"end":{"line":252,"column":3}},"line":225},"8":{"name":"(anonymous_8)","decl":{"start":{"line":260,"column":2},"end":{"line":260,"column":3}},"loc":{"start":{"line":260,"column":22},"end":{"line":292,"column":3}},"line":260},"9":{"name":"(anonymous_9)","decl":{"start":{"line":299,"column":2},"end":{"line":299,"column":3}},"loc":{"start":{"line":299,"column":22},"end":{"line":319,"column":3}},"line":299}},"branchMap":{"0":{"loc":{"start":{"line":25,"column":6},"end":{"line":30,"column":7}},"type":"if","locations":[{"start":{"line":25,"column":6},"end":{"line":30,"column":7}},{"start":{},"end":{}}],"line":25},"1":{"loc":{"start":{"line":74,"column":23},"end":{"line":74,"column":46}},"type":"binary-expr","locations":[{"start":{"line":74,"column":23},"end":{"line":74,"column":36}},{"start":{"line":74,"column":40},"end":{"line":74,"column":46}}],"line":74},"2":{"loc":{"start":{"line":78,"column":35},"end":{"line":78,"column":58}},"type":"binary-expr","locations":[{"start":{"line":78,"column":35},"end":{"line":78,"column":46}},{"start":{"line":78,"column":50},"end":{"line":78,"column":58}}],"line":78},"3":{"loc":{"start":{"line":80,"column":6},"end":{"line":86,"column":7}},"type":"if","locations":[{"start":{"line":80,"column":6},"end":{"line":86,"column":7}},{"start":{},"end":{}}],"line":80},"4":{"loc":{"start":{"line":80,"column":10},"end":{"line":81,"column":72}},"type":"binary-expr","locations":[{"start":{"line":80,"column":10},"end":{"line":80,"column":46}},{"start":{"line":81,"column":10},"end":{"line":81,"column":72}}],"line":80},"5":{"loc":{"start":{"line":92,"column":8},"end":{"line":92,"column":29}},"type":"binary-expr","locations":[{"start":{"line":92,"column":8},"end":{"line":92,"column":12}},{"start":{"line":92,"column":16},"end":{"line":92,"column":29}}],"line":92},"6":{"loc":{"start":{"line":159,"column":6},"end":{"line":164,"column":7}},"type":"if","locations":[{"start":{"line":159,"column":6},"end":{"line":164,"column":7}},{"start":{},"end":{}}],"line":159},"7":{"loc":{"start":{"line":168,"column":6},"end":{"line":178,"column":7}},"type":"if","locations":[{"start":{"line":168,"column":6},"end":{"line":178,"column":7}},{"start":{"line":173,"column":13},"end":{"line":178,"column":7}}],"line":168},"8":{"loc":{"start":{"line":198,"column":23},"end":{"line":198,"column":45}},"type":"binary-expr","locations":[{"start":{"line":198,"column":23},"end":{"line":198,"column":35}},{"start":{"line":198,"column":39},"end":{"line":198,"column":45}}],"line":198},"9":{"loc":{"start":{"line":228,"column":6},"end":{"line":233,"column":7}},"type":"if","locations":[{"start":{"line":228,"column":6},"end":{"line":233,"column":7}},{"start":{},"end":{}}],"line":228},"10":{"loc":{"start":{"line":228,"column":10},"end":{"line":228,"column":74}},"type":"binary-expr","locations":[{"start":{"line":228,"column":10},"end":{"line":228,"column":31}},{"start":{"line":228,"column":35},"end":{"line":228,"column":74}}],"line":228},"11":{"loc":{"start":{"line":264,"column":6},"end":{"line":269,"column":7}},"type":"if","locations":[{"start":{"line":264,"column":6},"end":{"line":269,"column":7}},{"start":{},"end":{}}],"line":264}},"s":{"0":1,"1":1,"2":1,"3":1,"4":1,"5":1,"6":0,"7":0,"8":0,"9":0,"10":0,"11":0,"12":0,"13":0,"14":0,"15":1,"16":0,"17":0,"18":0,"19":0,"20":0,"21":0,"22":0,"23":0,"24":0,"25":0,"26":0,"27":0,"28":0,"29":1,"30":0,"31":0,"32":0,"33":0,"34":0,"35":0,"36":1,"37":0,"38":0,"39":0,"40":0,"41":0,"42":0,"43":0,"44":0,"45":0,"46":0,"47":0,"48":0,"49":0,"50":0,"51":1,"52":3,"53":3,"54":3,"55":3,"56":3,"57":0,"58":0,"59":1,"60":0,"61":0,"62":0,"63":0,"64":0,"65":0,"66":0,"67":0,"68":1,"69":0,"70":0,"71":0,"72":0,"73":0,"74":0,"75":0,"76":1,"77":0,"78":0,"79":0,"80":1},"f":{"0":0,"1":0,"2":0,"3":0,"4":0,"5":0,"6":3,"7":0,"8":0,"9":0},"b":{"0":[0,0],"1":[0,0],"2":[0,0],"3":[0,0],"4":[0,0],"5":[0,0],"6":[0,0],"7":[0,0],"8":[3,0],"9":[0,0],"10":[0,0],"11":[0,0]},"_coverageSchema":"1a1c01bbd47fc00a2c39e90264f33305004495a9","hash":"681bd48ae577889f5b3aa292a8945a8596e036a1"}
,"/Users/salscrudato/Projects/neurastack-backend/routes/cache.js": {"path":"/Users/salscrudato/Projects/neurastack-backend/routes/cache.js","statementMap":{"0":{"start":{"line":6,"column":16},"end":{"line":6,"column":34}},"1":{"start":{"line":7,"column":30},"end":{"line":7,"column":74}},"2":{"start":{"line":8,"column":21},"end":{"line":8,"column":56}},"3":{"start":{"line":9,"column":27},"end":{"line":9,"column":70}},"4":{"start":{"line":11,"column":15},"end":{"line":11,"column":31}},"5":{"start":{"line":16,"column":0},"end":{"line":46,"column":2}},"6":{"start":{"line":19,"column":4},"end":{"line":44,"column":5}},"7":{"start":{"line":21,"column":6},"end":{"line":26,"column":7}},"8":{"start":{"line":22,"column":8},"end":{"line":25,"column":11}},"9":{"start":{"line":28,"column":24},"end":{"line":28,"column":56}},"10":{"start":{"line":29,"column":20},"end":{"line":29,"column":43}},"11":{"start":{"line":31,"column":6},"end":{"line":36,"column":9}},"12":{"start":{"line":39,"column":6},"end":{"line":39,"column":53}},"13":{"start":{"line":40,"column":6},"end":{"line":43,"column":9}},"14":{"start":{"line":51,"column":0},"end":{"line":76,"column":2}},"15":{"start":{"line":54,"column":4},"end":{"line":74,"column":5}},"16":{"start":{"line":55,"column":21},"end":{"line":55,"column":51}},"17":{"start":{"line":56,"column":20},"end":{"line":56,"column":43}},"18":{"start":{"line":58,"column":6},"end":{"line":65,"column":9}},"19":{"start":{"line":68,"column":6},"end":{"line":68,"column":50}},"20":{"start":{"line":69,"column":6},"end":{"line":73,"column":9}},"21":{"start":{"line":81,"column":0},"end":{"line":111,"column":2}},"22":{"start":{"line":85,"column":4},"end":{"line":109,"column":5}},"23":{"start":{"line":87,"column":6},"end":{"line":92,"column":7}},"24":{"start":{"line":88,"column":8},"end":{"line":91,"column":11}},"25":{"start":{"line":94,"column":26},"end":{"line":94,"column":56}},"26":{"start":{"line":96,"column":6},"end":{"line":101,"column":9}},"27":{"start":{"line":104,"column":6},"end":{"line":104,"column":51}},"28":{"start":{"line":105,"column":6},"end":{"line":108,"column":9}},"29":{"start":{"line":116,"column":0},"end":{"line":159,"column":2}},"30":{"start":{"line":123,"column":4},"end":{"line":157,"column":5}},"31":{"start":{"line":125,"column":6},"end":{"line":130,"column":7}},"32":{"start":{"line":126,"column":8},"end":{"line":129,"column":11}},"33":{"start":{"line":132,"column":26},"end":{"line":132,"column":34}},"34":{"start":{"line":134,"column":6},"end":{"line":139,"column":7}},"35":{"start":{"line":135,"column":8},"end":{"line":138,"column":11}},"36":{"start":{"line":141,"column":31},"end":{"line":141,"column":76}},"37":{"start":{"line":143,"column":6},"end":{"line":149,"column":9}},"38":{"start":{"line":152,"column":6},"end":{"line":152,"column":56}},"39":{"start":{"line":153,"column":6},"end":{"line":156,"column":9}},"40":{"start":{"line":164,"column":0},"end":{"line":199,"column":2}},"41":{"start":{"line":168,"column":4},"end":{"line":197,"column":5}},"42":{"start":{"line":169,"column":25},"end":{"line":169,"column":35}},"43":{"start":{"line":170,"column":36},"end":{"line":170,"column":44}},"44":{"start":{"line":173,"column":6},"end":{"line":178,"column":7}},"45":{"start":{"line":174,"column":8},"end":{"line":177,"column":11}},"46":{"start":{"line":180,"column":29},"end":{"line":180,"column":82}},"47":{"start":{"line":182,"column":6},"end":{"line":189,"column":9}},"48":{"start":{"line":192,"column":6},"end":{"line":192,"column":54}},"49":{"start":{"line":193,"column":6},"end":{"line":196,"column":9}},"50":{"start":{"line":204,"column":0},"end":{"line":233,"column":2}},"51":{"start":{"line":208,"column":4},"end":{"line":231,"column":5}},"52":{"start":{"line":210,"column":6},"end":{"line":215,"column":7}},"53":{"start":{"line":211,"column":8},"end":{"line":214,"column":11}},"54":{"start":{"line":217,"column":6},"end":{"line":217,"column":52}},"55":{"start":{"line":219,"column":6},"end":{"line":223,"column":9}},"56":{"start":{"line":226,"column":6},"end":{"line":226,"column":48}},"57":{"start":{"line":227,"column":6},"end":{"line":230,"column":9}},"58":{"start":{"line":238,"column":0},"end":{"line":288,"column":2}},"59":{"start":{"line":241,"column":4},"end":{"line":286,"column":5}},"60":{"start":{"line":243,"column":6},"end":{"line":248,"column":7}},"61":{"start":{"line":244,"column":8},"end":{"line":247,"column":11}},"62":{"start":{"line":250,"column":21},"end":{"line":272,"column":7}},"63":{"start":{"line":274,"column":6},"end":{"line":278,"column":9}},"64":{"start":{"line":281,"column":6},"end":{"line":281,"column":57}},"65":{"start":{"line":282,"column":6},"end":{"line":285,"column":9}},"66":{"start":{"line":293,"column":0},"end":{"line":344,"column":2}},"67":{"start":{"line":297,"column":4},"end":{"line":342,"column":5}},"68":{"start":{"line":299,"column":6},"end":{"line":304,"column":7}},"69":{"start":{"line":300,"column":8},"end":{"line":303,"column":11}},"70":{"start":{"line":306,"column":26},"end":{"line":306,"column":34}},"71":{"start":{"line":308,"column":6},"end":{"line":313,"column":7}},"72":{"start":{"line":309,"column":8},"end":{"line":312,"column":11}},"73":{"start":{"line":316,"column":33},"end":{"line":316,"column":62}},"74":{"start":{"line":317,"column":6},"end":{"line":317,"column":39}},"75":{"start":{"line":320,"column":30},"end":{"line":320,"column":31}},"76":{"start":{"line":321,"column":6},"end":{"line":324,"column":7}},"77":{"start":{"line":322,"column":8},"end":{"line":322,"column":49}},"78":{"start":{"line":323,"column":8},"end":{"line":323,"column":30}},"79":{"start":{"line":326,"column":6},"end":{"line":334,"column":9}},"80":{"start":{"line":337,"column":6},"end":{"line":337,"column":49}},"81":{"start":{"line":338,"column":6},"end":{"line":341,"column":9}},"82":{"start":{"line":346,"column":0},"end":{"line":346,"column":24}}},"fnMap":{"0":{"name":"(anonymous_0)","decl":{"start":{"line":18,"column":2},"end":{"line":18,"column":3}},"loc":{"start":{"line":18,"column":22},"end":{"line":45,"column":3}},"line":18},"1":{"name":"(anonymous_1)","decl":{"start":{"line":53,"column":2},"end":{"line":53,"column":3}},"loc":{"start":{"line":53,"column":22},"end":{"line":75,"column":3}},"line":53},"2":{"name":"(anonymous_2)","decl":{"start":{"line":84,"column":2},"end":{"line":84,"column":3}},"loc":{"start":{"line":84,"column":22},"end":{"line":110,"column":3}},"line":84},"3":{"name":"(anonymous_3)","decl":{"start":{"line":122,"column":2},"end":{"line":122,"column":3}},"loc":{"start":{"line":122,"column":22},"end":{"line":158,"column":3}},"line":122},"4":{"name":"(anonymous_4)","decl":{"start":{"line":167,"column":2},"end":{"line":167,"column":3}},"loc":{"start":{"line":167,"column":22},"end":{"line":198,"column":3}},"line":167},"5":{"name":"(anonymous_5)","decl":{"start":{"line":207,"column":2},"end":{"line":207,"column":3}},"loc":{"start":{"line":207,"column":22},"end":{"line":232,"column":3}},"line":207},"6":{"name":"(anonymous_6)","decl":{"start":{"line":240,"column":2},"end":{"line":240,"column":3}},"loc":{"start":{"line":240,"column":22},"end":{"line":287,"column":3}},"line":240},"7":{"name":"(anonymous_7)","decl":{"start":{"line":296,"column":2},"end":{"line":296,"column":3}},"loc":{"start":{"line":296,"column":22},"end":{"line":343,"column":3}},"line":296}},"branchMap":{"0":{"loc":{"start":{"line":21,"column":6},"end":{"line":26,"column":7}},"type":"if","locations":[{"start":{"line":21,"column":6},"end":{"line":26,"column":7}},{"start":{},"end":{}}],"line":21},"1":{"loc":{"start":{"line":21,"column":10},"end":{"line":21,"column":74}},"type":"binary-expr","locations":[{"start":{"line":21,"column":10},"end":{"line":21,"column":31}},{"start":{"line":21,"column":35},"end":{"line":21,"column":74}}],"line":21},"2":{"loc":{"start":{"line":58,"column":17},"end":{"line":58,"column":56}},"type":"cond-expr","locations":[{"start":{"line":58,"column":47},"end":{"line":58,"column":50}},{"start":{"line":58,"column":53},"end":{"line":58,"column":56}}],"line":58},"3":{"loc":{"start":{"line":87,"column":6},"end":{"line":92,"column":7}},"type":"if","locations":[{"start":{"line":87,"column":6},"end":{"line":92,"column":7}},{"start":{},"end":{}}],"line":87},"4":{"loc":{"start":{"line":87,"column":10},"end":{"line":87,"column":74}},"type":"binary-expr","locations":[{"start":{"line":87,"column":10},"end":{"line":87,"column":31}},{"start":{"line":87,"column":35},"end":{"line":87,"column":74}}],"line":87},"5":{"loc":{"start":{"line":125,"column":6},"end":{"line":130,"column":7}},"type":"if","locations":[{"start":{"line":125,"column":6},"end":{"line":130,"column":7}},{"start":{},"end":{}}],"line":125},"6":{"loc":{"start":{"line":125,"column":10},"end":{"line":125,"column":74}},"type":"binary-expr","locations":[{"start":{"line":125,"column":10},"end":{"line":125,"column":31}},{"start":{"line":125,"column":35},"end":{"line":125,"column":74}}],"line":125},"7":{"loc":{"start":{"line":134,"column":6},"end":{"line":139,"column":7}},"type":"if","locations":[{"start":{"line":134,"column":6},"end":{"line":139,"column":7}},{"start":{},"end":{}}],"line":134},"8":{"loc":{"start":{"line":170,"column":14},"end":{"line":170,"column":31}},"type":"default-arg","locations":[{"start":{"line":170,"column":25},"end":{"line":170,"column":31}}],"line":170},"9":{"loc":{"start":{"line":173,"column":6},"end":{"line":178,"column":7}},"type":"if","locations":[{"start":{"line":173,"column":6},"end":{"line":178,"column":7}},{"start":{},"end":{}}],"line":173},"10":{"loc":{"start":{"line":173,"column":10},"end":{"line":173,"column":101}},"type":"binary-expr","locations":[{"start":{"line":173,"column":10},"end":{"line":173,"column":31}},{"start":{"line":173,"column":36},"end":{"line":173,"column":57}},{"start":{"line":173,"column":61},"end":{"line":173,"column":100}}],"line":173},"11":{"loc":{"start":{"line":210,"column":6},"end":{"line":215,"column":7}},"type":"if","locations":[{"start":{"line":210,"column":6},"end":{"line":215,"column":7}},{"start":{},"end":{}}],"line":210},"12":{"loc":{"start":{"line":210,"column":10},"end":{"line":210,"column":74}},"type":"binary-expr","locations":[{"start":{"line":210,"column":10},"end":{"line":210,"column":31}},{"start":{"line":210,"column":35},"end":{"line":210,"column":74}}],"line":210},"13":{"loc":{"start":{"line":243,"column":6},"end":{"line":248,"column":7}},"type":"if","locations":[{"start":{"line":243,"column":6},"end":{"line":248,"column":7}},{"start":{},"end":{}}],"line":243},"14":{"loc":{"start":{"line":243,"column":10},"end":{"line":243,"column":74}},"type":"binary-expr","locations":[{"start":{"line":243,"column":10},"end":{"line":243,"column":31}},{"start":{"line":243,"column":35},"end":{"line":243,"column":74}}],"line":243},"15":{"loc":{"start":{"line":253,"column":15},"end":{"line":253,"column":74}},"type":"cond-expr","locations":[{"start":{"line":253,"column":39},"end":{"line":253,"column":53}},{"start":{"line":253,"column":56},"end":{"line":253,"column":74}}],"line":253},"16":{"loc":{"start":{"line":299,"column":6},"end":{"line":304,"column":7}},"type":"if","locations":[{"start":{"line":299,"column":6},"end":{"line":304,"column":7}},{"start":{},"end":{}}],"line":299},"17":{"loc":{"start":{"line":299,"column":10},"end":{"line":299,"column":74}},"type":"binary-expr","locations":[{"start":{"line":299,"column":10},"end":{"line":299,"column":31}},{"start":{"line":299,"column":35},"end":{"line":299,"column":74}}],"line":299},"18":{"loc":{"start":{"line":308,"column":6},"end":{"line":313,"column":7}},"type":"if","locations":[{"start":{"line":308,"column":6},"end":{"line":313,"column":7}},{"start":{},"end":{}}],"line":308},"19":{"loc":{"start":{"line":321,"column":6},"end":{"line":324,"column":7}},"type":"if","locations":[{"start":{"line":321,"column":6},"end":{"line":324,"column":7}},{"start":{},"end":{}}],"line":321},"20":{"loc":{"start":{"line":321,"column":10},"end":{"line":321,"column":67}},"type":"binary-expr","locations":[{"start":{"line":321,"column":10},"end":{"line":321,"column":39}},{"start":{"line":321,"column":43},"end":{"line":321,"column":67}}],"line":321}},"s":{"0":1,"1":1,"2":1,"3":1,"4":1,"5":1,"6":0,"7":0,"8":0,"9":0,"10":0,"11":0,"12":0,"13":0,"14":1,"15":0,"16":0,"17":0,"18":0,"19":0,"20":0,"21":1,"22":0,"23":0,"24":0,"25":0,"26":0,"27":0,"28":0,"29":1,"30":0,"31":0,"32":0,"33":0,"34":0,"35":0,"36":0,"37":0,"38":0,"39":0,"40":1,"41":0,"42":0,"43":0,"44":0,"45":0,"46":0,"47":0,"48":0,"49":0,"50":1,"51":0,"52":0,"53":0,"54":0,"55":0,"56":0,"57":0,"58":1,"59":0,"60":0,"61":0,"62":0,"63":0,"64":0,"65":0,"66":1,"67":0,"68":0,"69":0,"70":0,"71":0,"72":0,"73":0,"74":0,"75":0,"76":0,"77":0,"78":0,"79":0,"80":0,"81":0,"82":1},"f":{"0":0,"1":0,"2":0,"3":0,"4":0,"5":0,"6":0,"7":0},"b":{"0":[0,0],"1":[0,0],"2":[0,0],"3":[0,0],"4":[0,0],"5":[0,0],"6":[0,0],"7":[0,0],"8":[0],"9":[0,0],"10":[0,0,0],"11":[0,0],"12":[0,0],"13":[0,0],"14":[0,0],"15":[0,0],"16":[0,0],"17":[0,0],"18":[0,0],"19":[0,0],"20":[0,0]},"_coverageSchema":"1a1c01bbd47fc00a2c39e90264f33305004495a9","hash":"4af296fc855a380052ccaede5ec88dfb95628a16"}
,"/Users/salscrudato/Projects/neurastack-backend/routes/dashboard.js": {"path":"/Users/salscrudato/Projects/neurastack-backend/routes/dashboard.js","statementMap":{"0":{"start":{"line":6,"column":16},"end":{"line":6,"column":34}},"1":{"start":{"line":7,"column":30},"end":{"line":7,"column":74}},"2":{"start":{"line":8,"column":37},"end":{"line":8,"column":88}},"3":{"start":{"line":9,"column":27},"end":{"line":9,"column":70}},"4":{"start":{"line":11,"column":15},"end":{"line":11,"column":31}},"5":{"start":{"line":16,"column":0},"end":{"line":43,"column":2}},"6":{"start":{"line":19,"column":4},"end":{"line":41,"column":5}},"7":{"start":{"line":21,"column":6},"end":{"line":26,"column":7}},"8":{"start":{"line":22,"column":8},"end":{"line":25,"column":11}},"9":{"start":{"line":28,"column":28},"end":{"line":28,"column":75}},"10":{"start":{"line":30,"column":6},"end":{"line":33,"column":9}},"11":{"start":{"line":36,"column":6},"end":{"line":36,"column":56}},"12":{"start":{"line":37,"column":6},"end":{"line":40,"column":9}},"13":{"start":{"line":48,"column":0},"end":{"line":75,"column":2}},"14":{"start":{"line":51,"column":4},"end":{"line":73,"column":5}},"15":{"start":{"line":53,"column":6},"end":{"line":58,"column":7}},"16":{"start":{"line":54,"column":8},"end":{"line":57,"column":11}},"17":{"start":{"line":60,"column":30},"end":{"line":60,"column":79}},"18":{"start":{"line":62,"column":6},"end":{"line":65,"column":9}},"19":{"start":{"line":68,"column":6},"end":{"line":68,"column":55}},"20":{"start":{"line":69,"column":6},"end":{"line":72,"column":9}},"21":{"start":{"line":80,"column":0},"end":{"line":100,"column":2}},"22":{"start":{"line":83,"column":4},"end":{"line":98,"column":5}},"23":{"start":{"line":84,"column":27},"end":{"line":84,"column":73}},"24":{"start":{"line":86,"column":6},"end":{"line":89,"column":9}},"25":{"start":{"line":92,"column":6},"end":{"line":92,"column":51}},"26":{"start":{"line":93,"column":6},"end":{"line":97,"column":9}},"27":{"start":{"line":105,"column":0},"end":{"line":146,"column":2}},"28":{"start":{"line":108,"column":4},"end":{"line":144,"column":5}},"29":{"start":{"line":110,"column":6},"end":{"line":115,"column":7}},"30":{"start":{"line":111,"column":8},"end":{"line":114,"column":11}},"31":{"start":{"line":117,"column":36},"end":{"line":117,"column":45}},"32":{"start":{"line":118,"column":28},"end":{"line":118,"column":75}},"33":{"start":{"line":121,"column":21},"end":{"line":130,"column":7}},"34":{"start":{"line":132,"column":6},"end":{"line":136,"column":9}},"35":{"start":{"line":139,"column":6},"end":{"line":139,"column":56}},"36":{"start":{"line":140,"column":6},"end":{"line":143,"column":9}},"37":{"start":{"line":151,"column":0},"end":{"line":178,"column":2}},"38":{"start":{"line":154,"column":4},"end":{"line":176,"column":5}},"39":{"start":{"line":156,"column":6},"end":{"line":161,"column":7}},"40":{"start":{"line":157,"column":8},"end":{"line":160,"column":11}},"41":{"start":{"line":163,"column":28},"end":{"line":163,"column":75}},"42":{"start":{"line":165,"column":6},"end":{"line":168,"column":9}},"43":{"start":{"line":171,"column":6},"end":{"line":171,"column":58}},"44":{"start":{"line":172,"column":6},"end":{"line":175,"column":9}},"45":{"start":{"line":183,"column":0},"end":{"line":215,"column":2}},"46":{"start":{"line":186,"column":4},"end":{"line":213,"column":5}},"47":{"start":{"line":188,"column":6},"end":{"line":193,"column":7}},"48":{"start":{"line":189,"column":8},"end":{"line":192,"column":11}},"49":{"start":{"line":195,"column":28},"end":{"line":195,"column":75}},"50":{"start":{"line":197,"column":6},"end":{"line":205,"column":9}},"51":{"start":{"line":202,"column":69},"end":{"line":202,"column":86}},"52":{"start":{"line":203,"column":75},"end":{"line":203,"column":103}},"53":{"start":{"line":208,"column":6},"end":{"line":208,"column":57}},"54":{"start":{"line":209,"column":6},"end":{"line":212,"column":9}},"55":{"start":{"line":220,"column":0},"end":{"line":266,"column":2}},"56":{"start":{"line":223,"column":4},"end":{"line":264,"column":5}},"57":{"start":{"line":225,"column":6},"end":{"line":230,"column":7}},"58":{"start":{"line":226,"column":8},"end":{"line":229,"column":11}},"59":{"start":{"line":232,"column":29},"end":{"line":232,"column":38}},"60":{"start":{"line":233,"column":28},"end":{"line":233,"column":75}},"61":{"start":{"line":236,"column":27},"end":{"line":243,"column":12}},"62":{"start":{"line":237,"column":21},"end":{"line":237,"column":44}},"63":{"start":{"line":238,"column":8},"end":{"line":240,"column":9}},"64":{"start":{"line":239,"column":10},"end":{"line":239,"column":25}},"65":{"start":{"line":241,"column":8},"end":{"line":241,"column":30}},"66":{"start":{"line":242,"column":8},"end":{"line":242,"column":19}},"67":{"start":{"line":245,"column":6},"end":{"line":256,"column":9}},"68":{"start":{"line":259,"column":6},"end":{"line":259,"column":48}},"69":{"start":{"line":260,"column":6},"end":{"line":263,"column":9}},"70":{"start":{"line":271,"column":0},"end":{"line":315,"column":2}},"71":{"start":{"line":275,"column":4},"end":{"line":313,"column":5}},"72":{"start":{"line":277,"column":6},"end":{"line":282,"column":7}},"73":{"start":{"line":278,"column":8},"end":{"line":281,"column":11}},"74":{"start":{"line":284,"column":60},"end":{"line":284,"column":68}},"75":{"start":{"line":285,"column":28},"end":{"line":285,"column":75}},"76":{"start":{"line":287,"column":21},"end":{"line":300,"column":7}},"77":{"start":{"line":302,"column":6},"end":{"line":305,"column":9}},"78":{"start":{"line":308,"column":6},"end":{"line":308,"column":55}},"79":{"start":{"line":309,"column":6},"end":{"line":312,"column":9}},"80":{"start":{"line":320,"column":0},"end":{"line":367,"column":2}},"81":{"start":{"line":323,"column":4},"end":{"line":365,"column":5}},"82":{"start":{"line":325,"column":6},"end":{"line":330,"column":7}},"83":{"start":{"line":326,"column":8},"end":{"line":329,"column":11}},"84":{"start":{"line":332,"column":21},"end":{"line":352,"column":7}},"85":{"start":{"line":354,"column":6},"end":{"line":357,"column":9}},"86":{"start":{"line":360,"column":6},"end":{"line":360,"column":61}},"87":{"start":{"line":361,"column":6},"end":{"line":364,"column":9}},"88":{"start":{"line":373,"column":26},"end":{"line":373,"column":28}},"89":{"start":{"line":376,"column":2},"end":{"line":384,"column":3}},"90":{"start":{"line":377,"column":4},"end":{"line":383,"column":7}},"91":{"start":{"line":387,"column":2},"end":{"line":395,"column":3}},"92":{"start":{"line":388,"column":4},"end":{"line":394,"column":7}},"93":{"start":{"line":398,"column":2},"end":{"line":406,"column":3}},"94":{"start":{"line":399,"column":4},"end":{"line":405,"column":7}},"95":{"start":{"line":409,"column":2},"end":{"line":417,"column":3}},"96":{"start":{"line":410,"column":4},"end":{"line":416,"column":7}},"97":{"start":{"line":420,"column":2},"end":{"line":428,"column":3}},"98":{"start":{"line":421,"column":4},"end":{"line":427,"column":7}},"99":{"start":{"line":430,"column":2},"end":{"line":430,"column":25}},"100":{"start":{"line":433,"column":0},"end":{"line":433,"column":24}}},"fnMap":{"0":{"name":"(anonymous_0)","decl":{"start":{"line":18,"column":2},"end":{"line":18,"column":3}},"loc":{"start":{"line":18,"column":22},"end":{"line":42,"column":3}},"line":18},"1":{"name":"(anonymous_1)","decl":{"start":{"line":50,"column":2},"end":{"line":50,"column":3}},"loc":{"start":{"line":50,"column":22},"end":{"line":74,"column":3}},"line":50},"2":{"name":"(anonymous_2)","decl":{"start":{"line":82,"column":2},"end":{"line":82,"column":3}},"loc":{"start":{"line":82,"column":22},"end":{"line":99,"column":3}},"line":82},"3":{"name":"(anonymous_3)","decl":{"start":{"line":107,"column":2},"end":{"line":107,"column":3}},"loc":{"start":{"line":107,"column":22},"end":{"line":145,"column":3}},"line":107},"4":{"name":"(anonymous_4)","decl":{"start":{"line":153,"column":2},"end":{"line":153,"column":3}},"loc":{"start":{"line":153,"column":22},"end":{"line":177,"column":3}},"line":153},"5":{"name":"(anonymous_5)","decl":{"start":{"line":185,"column":2},"end":{"line":185,"column":3}},"loc":{"start":{"line":185,"column":22},"end":{"line":214,"column":3}},"line":185},"6":{"name":"(anonymous_6)","decl":{"start":{"line":202,"column":56},"end":{"line":202,"column":57}},"loc":{"start":{"line":202,"column":69},"end":{"line":202,"column":86}},"line":202},"7":{"name":"(anonymous_7)","decl":{"start":{"line":203,"column":62},"end":{"line":203,"column":63}},"loc":{"start":{"line":203,"column":75},"end":{"line":203,"column":103}},"line":203},"8":{"name":"(anonymous_8)","decl":{"start":{"line":222,"column":2},"end":{"line":222,"column":3}},"loc":{"start":{"line":222,"column":22},"end":{"line":265,"column":3}},"line":222},"9":{"name":"(anonymous_9)","decl":{"start":{"line":236,"column":62},"end":{"line":236,"column":63}},"loc":{"start":{"line":236,"column":78},"end":{"line":243,"column":7}},"line":236},"10":{"name":"(anonymous_10)","decl":{"start":{"line":274,"column":2},"end":{"line":274,"column":3}},"loc":{"start":{"line":274,"column":22},"end":{"line":314,"column":3}},"line":274},"11":{"name":"(anonymous_11)","decl":{"start":{"line":322,"column":2},"end":{"line":322,"column":3}},"loc":{"start":{"line":322,"column":22},"end":{"line":366,"column":3}},"line":322},"12":{"name":"generateRecommendations","decl":{"start":{"line":372,"column":9},"end":{"line":372,"column":32}},"loc":{"start":{"line":372,"column":48},"end":{"line":431,"column":1}},"line":372}},"branchMap":{"0":{"loc":{"start":{"line":21,"column":6},"end":{"line":26,"column":7}},"type":"if","locations":[{"start":{"line":21,"column":6},"end":{"line":26,"column":7}},{"start":{},"end":{}}],"line":21},"1":{"loc":{"start":{"line":21,"column":10},"end":{"line":21,"column":74}},"type":"binary-expr","locations":[{"start":{"line":21,"column":10},"end":{"line":21,"column":31}},{"start":{"line":21,"column":35},"end":{"line":21,"column":74}}],"line":21},"2":{"loc":{"start":{"line":53,"column":6},"end":{"line":58,"column":7}},"type":"if","locations":[{"start":{"line":53,"column":6},"end":{"line":58,"column":7}},{"start":{},"end":{}}],"line":53},"3":{"loc":{"start":{"line":53,"column":10},"end":{"line":53,"column":74}},"type":"binary-expr","locations":[{"start":{"line":53,"column":10},"end":{"line":53,"column":31}},{"start":{"line":53,"column":35},"end":{"line":53,"column":74}}],"line":53},"4":{"loc":{"start":{"line":86,"column":17},"end":{"line":86,"column":62}},"type":"cond-expr","locations":[{"start":{"line":86,"column":53},"end":{"line":86,"column":56}},{"start":{"line":86,"column":59},"end":{"line":86,"column":62}}],"line":86},"5":{"loc":{"start":{"line":110,"column":6},"end":{"line":115,"column":7}},"type":"if","locations":[{"start":{"line":110,"column":6},"end":{"line":115,"column":7}},{"start":{},"end":{}}],"line":110},"6":{"loc":{"start":{"line":110,"column":10},"end":{"line":110,"column":74}},"type":"binary-expr","locations":[{"start":{"line":110,"column":10},"end":{"line":110,"column":31}},{"start":{"line":110,"column":35},"end":{"line":110,"column":74}}],"line":110},"7":{"loc":{"start":{"line":117,"column":14},"end":{"line":117,"column":31}},"type":"default-arg","locations":[{"start":{"line":117,"column":26},"end":{"line":117,"column":31}}],"line":117},"8":{"loc":{"start":{"line":156,"column":6},"end":{"line":161,"column":7}},"type":"if","locations":[{"start":{"line":156,"column":6},"end":{"line":161,"column":7}},{"start":{},"end":{}}],"line":156},"9":{"loc":{"start":{"line":156,"column":10},"end":{"line":156,"column":74}},"type":"binary-expr","locations":[{"start":{"line":156,"column":10},"end":{"line":156,"column":31}},{"start":{"line":156,"column":35},"end":{"line":156,"column":74}}],"line":156},"10":{"loc":{"start":{"line":188,"column":6},"end":{"line":193,"column":7}},"type":"if","locations":[{"start":{"line":188,"column":6},"end":{"line":193,"column":7}},{"start":{},"end":{}}],"line":188},"11":{"loc":{"start":{"line":188,"column":10},"end":{"line":188,"column":74}},"type":"binary-expr","locations":[{"start":{"line":188,"column":10},"end":{"line":188,"column":31}},{"start":{"line":188,"column":35},"end":{"line":188,"column":74}}],"line":188},"12":{"loc":{"start":{"line":203,"column":31},"end":{"line":203,"column":145}},"type":"binary-expr","locations":[{"start":{"line":203,"column":31},"end":{"line":203,"column":140}},{"start":{"line":203,"column":144},"end":{"line":203,"column":145}}],"line":203},"13":{"loc":{"start":{"line":225,"column":6},"end":{"line":230,"column":7}},"type":"if","locations":[{"start":{"line":225,"column":6},"end":{"line":230,"column":7}},{"start":{},"end":{}}],"line":225},"14":{"loc":{"start":{"line":225,"column":10},"end":{"line":225,"column":74}},"type":"binary-expr","locations":[{"start":{"line":225,"column":10},"end":{"line":225,"column":31}},{"start":{"line":225,"column":35},"end":{"line":225,"column":74}}],"line":225},"15":{"loc":{"start":{"line":232,"column":14},"end":{"line":232,"column":24}},"type":"default-arg","locations":[{"start":{"line":232,"column":22},"end":{"line":232,"column":24}}],"line":232},"16":{"loc":{"start":{"line":237,"column":21},"end":{"line":237,"column":44}},"type":"binary-expr","locations":[{"start":{"line":237,"column":21},"end":{"line":237,"column":31}},{"start":{"line":237,"column":35},"end":{"line":237,"column":44}}],"line":237},"17":{"loc":{"start":{"line":238,"column":8},"end":{"line":240,"column":9}},"type":"if","locations":[{"start":{"line":238,"column":8},"end":{"line":240,"column":9}},{"start":{},"end":{}}],"line":238},"18":{"loc":{"start":{"line":277,"column":6},"end":{"line":282,"column":7}},"type":"if","locations":[{"start":{"line":277,"column":6},"end":{"line":282,"column":7}},{"start":{},"end":{}}],"line":277},"19":{"loc":{"start":{"line":277,"column":10},"end":{"line":277,"column":74}},"type":"binary-expr","locations":[{"start":{"line":277,"column":10},"end":{"line":277,"column":31}},{"start":{"line":277,"column":35},"end":{"line":277,"column":74}}],"line":277},"20":{"loc":{"start":{"line":284,"column":14},"end":{"line":284,"column":31}},"type":"default-arg","locations":[{"start":{"line":284,"column":26},"end":{"line":284,"column":31}}],"line":284},"21":{"loc":{"start":{"line":284,"column":33},"end":{"line":284,"column":55}},"type":"default-arg","locations":[{"start":{"line":284,"column":50},"end":{"line":284,"column":55}}],"line":284},"22":{"loc":{"start":{"line":292,"column":16},"end":{"line":296,"column":9}},"type":"cond-expr","locations":[{"start":{"line":292,"column":33},"end":{"line":292,"column":53}},{"start":{"line":292,"column":56},"end":{"line":296,"column":9}}],"line":292},"23":{"loc":{"start":{"line":325,"column":6},"end":{"line":330,"column":7}},"type":"if","locations":[{"start":{"line":325,"column":6},"end":{"line":330,"column":7}},{"start":{},"end":{}}],"line":325},"24":{"loc":{"start":{"line":325,"column":10},"end":{"line":325,"column":74}},"type":"binary-expr","locations":[{"start":{"line":325,"column":10},"end":{"line":325,"column":31}},{"start":{"line":325,"column":35},"end":{"line":325,"column":74}}],"line":325},"25":{"loc":{"start":{"line":376,"column":2},"end":{"line":384,"column":3}},"type":"if","locations":[{"start":{"line":376,"column":2},"end":{"line":384,"column":3}},{"start":{},"end":{}}],"line":376},"26":{"loc":{"start":{"line":387,"column":2},"end":{"line":395,"column":3}},"type":"if","locations":[{"start":{"line":387,"column":2},"end":{"line":395,"column":3}},{"start":{},"end":{}}],"line":387},"27":{"loc":{"start":{"line":398,"column":2},"end":{"line":406,"column":3}},"type":"if","locations":[{"start":{"line":398,"column":2},"end":{"line":406,"column":3}},{"start":{},"end":{}}],"line":398},"28":{"loc":{"start":{"line":409,"column":2},"end":{"line":417,"column":3}},"type":"if","locations":[{"start":{"line":409,"column":2},"end":{"line":417,"column":3}},{"start":{},"end":{}}],"line":409},"29":{"loc":{"start":{"line":420,"column":2},"end":{"line":428,"column":3}},"type":"if","locations":[{"start":{"line":420,"column":2},"end":{"line":428,"column":3}},{"start":{},"end":{}}],"line":420}},"s":{"0":1,"1":1,"2":1,"3":1,"4":1,"5":1,"6":0,"7":0,"8":0,"9":0,"10":0,"11":0,"12":0,"13":1,"14":0,"15":0,"16":0,"17":0,"18":0,"19":0,"20":0,"21":1,"22":0,"23":0,"24":0,"25":0,"26":0,"27":1,"28":0,"29":0,"30":0,"31":0,"32":0,"33":0,"34":0,"35":0,"36":0,"37":1,"38":0,"39":0,"40":0,"41":0,"42":0,"43":0,"44":0,"45":1,"46":0,"47":0,"48":0,"49":0,"50":0,"51":0,"52":0,"53":0,"54":0,"55":1,"56":0,"57":0,"58":0,"59":0,"60":0,"61":0,"62":0,"63":0,"64":0,"65":0,"66":0,"67":0,"68":0,"69":0,"70":1,"71":0,"72":0,"73":0,"74":0,"75":0,"76":0,"77":0,"78":0,"79":0,"80":1,"81":0,"82":0,"83":0,"84":0,"85":0,"86":0,"87":0,"88":0,"89":0,"90":0,"91":0,"92":0,"93":0,"94":0,"95":0,"96":0,"97":0,"98":0,"99":0,"100":1},"f":{"0":0,"1":0,"2":0,"3":0,"4":0,"5":0,"6":0,"7":0,"8":0,"9":0,"10":0,"11":0,"12":0},"b":{"0":[0,0],"1":[0,0],"2":[0,0],"3":[0,0],"4":[0,0],"5":[0,0],"6":[0,0],"7":[0],"8":[0,0],"9":[0,0],"10":[0,0],"11":[0,0],"12":[0,0],"13":[0,0],"14":[0,0],"15":[0],"16":[0,0],"17":[0,0],"18":[0,0],"19":[0,0],"20":[0],"21":[0],"22":[0,0],"23":[0,0],"24":[0,0],"25":[0,0],"26":[0,0],"27":[0,0],"28":[0,0],"29":[0,0]},"_coverageSchema":"1a1c01bbd47fc00a2c39e90264f33305004495a9","hash":"546260b5ce40f83f05ba23742f169814fb9ba2f9"}
,"/Users/salscrudato/Projects/neurastack-backend/routes/enhanced-ensemble.js": {"path":"/Users/salscrudato/Projects/neurastack-backend/routes/enhanced-ensemble.js","statementMap":{"0":{"start":{"line":6,"column":16},"end":{"line":6,"column":34}},"1":{"start":{"line":7,"column":30},"end":{"line":7,"column":67}},"2":{"start":{"line":8,"column":26},"end":{"line":8,"column":66}},"3":{"start":{"line":9,"column":30},"end":{"line":9,"column":74}},"4":{"start":{"line":10,"column":27},"end":{"line":10,"column":70}},"5":{"start":{"line":12,"column":15},"end":{"line":12,"column":31}},"6":{"start":{"line":17,"column":0},"end":{"line":122,"column":2}},"7":{"start":{"line":20,"column":22},"end":{"line":20,"column":32}},"8":{"start":{"line":21,"column":26},"end":{"line":21,"column":128}},"9":{"start":{"line":22,"column":19},"end":{"line":22,"column":58}},"10":{"start":{"line":24,"column":4},"end":{"line":120,"column":5}},"11":{"start":{"line":25,"column":85},"end":{"line":25,"column":93}},"12":{"start":{"line":27,"column":6},"end":{"line":31,"column":24}},"13":{"start":{"line":34,"column":29},"end":{"line":34,"column":48}},"14":{"start":{"line":35,"column":21},"end":{"line":35,"column":95}},"15":{"start":{"line":38,"column":28},"end":{"line":56,"column":8}},"16":{"start":{"line":39,"column":27},"end":{"line":39,"column":57}},"17":{"start":{"line":40,"column":31},"end":{"line":40,"column":67}},"18":{"start":{"line":42,"column":8},"end":{"line":55,"column":10}},"19":{"start":{"line":59,"column":34},"end":{"line":59,"column":95}},"20":{"start":{"line":62,"column":31},"end":{"line":92,"column":7}},"21":{"start":{"line":73,"column":69},"end":{"line":73,"column":96}},"22":{"start":{"line":95,"column":6},"end":{"line":100,"column":24}},"23":{"start":{"line":99,"column":51},"end":{"line":99,"column":75}},"24":{"start":{"line":102,"column":6},"end":{"line":102,"column":33}},"25":{"start":{"line":105,"column":6},"end":{"line":105,"column":55}},"26":{"start":{"line":107,"column":6},"end":{"line":111,"column":24}},"27":{"start":{"line":113,"column":6},"end":{"line":119,"column":9}},"28":{"start":{"line":128,"column":2},"end":{"line":128,"column":44}},"29":{"start":{"line":128,"column":35},"end":{"line":128,"column":44}},"30":{"start":{"line":130,"column":14},"end":{"line":130,"column":17}},"31":{"start":{"line":133,"column":20},"end":{"line":133,"column":50}},"32":{"start":{"line":134,"column":2},"end":{"line":135,"column":41}},"33":{"start":{"line":134,"column":43},"end":{"line":134,"column":56}},"34":{"start":{"line":135,"column":7},"end":{"line":135,"column":41}},"35":{"start":{"line":135,"column":28},"end":{"line":135,"column":41}},"36":{"start":{"line":138,"column":2},"end":{"line":138,"column":47}},"37":{"start":{"line":138,"column":34},"end":{"line":138,"column":47}},"38":{"start":{"line":139,"column":2},"end":{"line":139,"column":48}},"39":{"start":{"line":139,"column":35},"end":{"line":139,"column":48}},"40":{"start":{"line":142,"column":2},"end":{"line":144,"column":3}},"41":{"start":{"line":143,"column":4},"end":{"line":143,"column":17}},"42":{"start":{"line":146,"column":2},"end":{"line":146,"column":30}},"43":{"start":{"line":153,"column":2},"end":{"line":153,"column":34}},"44":{"start":{"line":153,"column":20},"end":{"line":153,"column":34}},"45":{"start":{"line":154,"column":2},"end":{"line":154,"column":36}},"46":{"start":{"line":154,"column":20},"end":{"line":154,"column":36}},"47":{"start":{"line":155,"column":2},"end":{"line":155,"column":33}},"48":{"start":{"line":155,"column":20},"end":{"line":155,"column":33}},"49":{"start":{"line":156,"column":2},"end":{"line":156,"column":20}},"50":{"start":{"line":163,"column":18},"end":{"line":163,"column":20}},"51":{"start":{"line":165,"column":2},"end":{"line":167,"column":3}},"52":{"start":{"line":166,"column":4},"end":{"line":166,"column":52}},"53":{"start":{"line":169,"column":2},"end":{"line":171,"column":3}},"54":{"start":{"line":170,"column":4},"end":{"line":170,"column":45}},"55":{"start":{"line":173,"column":2},"end":{"line":175,"column":3}},"56":{"start":{"line":174,"column":4},"end":{"line":174,"column":45}},"57":{"start":{"line":177,"column":2},"end":{"line":179,"column":3}},"58":{"start":{"line":178,"column":4},"end":{"line":178,"column":48}},"59":{"start":{"line":181,"column":2},"end":{"line":181,"column":17}},"60":{"start":{"line":188,"column":20},"end":{"line":188,"column":45}},"61":{"start":{"line":189,"column":24},"end":{"line":189,"column":87}},"62":{"start":{"line":189,"column":60},"end":{"line":189,"column":79}},"63":{"start":{"line":191,"column":2},"end":{"line":198,"column":4}},"64":{"start":{"line":205,"column":2},"end":{"line":207,"column":3}},"65":{"start":{"line":206,"column":4},"end":{"line":206,"column":74}},"66":{"start":{"line":209,"column":26},"end":{"line":209,"column":69}},"67":{"start":{"line":209,"column":44},"end":{"line":209,"column":68}},"68":{"start":{"line":210,"column":28},"end":{"line":210,"column":122}},"69":{"start":{"line":210,"column":66},"end":{"line":210,"column":93}},"70":{"start":{"line":212,"column":14},"end":{"line":212,"column":37}},"71":{"start":{"line":215,"column":27},"end":{"line":215,"column":68}},"72":{"start":{"line":216,"column":2},"end":{"line":216,"column":53}},"73":{"start":{"line":216,"column":40},"end":{"line":216,"column":53}},"74":{"start":{"line":217,"column":2},"end":{"line":217,"column":50}},"75":{"start":{"line":217,"column":37},"end":{"line":217,"column":50}},"76":{"start":{"line":218,"column":2},"end":{"line":218,"column":50}},"77":{"start":{"line":218,"column":37},"end":{"line":218,"column":50}},"78":{"start":{"line":220,"column":2},"end":{"line":228,"column":4}},"79":{"start":{"line":235,"column":18},"end":{"line":235,"column":49}},"80":{"start":{"line":236,"column":14},"end":{"line":236,"column":17}},"81":{"start":{"line":238,"column":2},"end":{"line":238,"column":44}},"82":{"start":{"line":238,"column":31},"end":{"line":238,"column":44}},"83":{"start":{"line":239,"column":2},"end":{"line":239,"column":42}},"84":{"start":{"line":239,"column":28},"end":{"line":239,"column":42}},"85":{"start":{"line":240,"column":2},"end":{"line":240,"column":42}},"86":{"start":{"line":240,"column":28},"end":{"line":240,"column":42}},"87":{"start":{"line":242,"column":2},"end":{"line":242,"column":30}},"88":{"start":{"line":249,"column":2},"end":{"line":249,"column":36}},"89":{"start":{"line":256,"column":20},"end":{"line":256,"column":45}},"90":{"start":{"line":257,"column":22},"end":{"line":257,"column":70}},"91":{"start":{"line":258,"column":21},"end":{"line":258,"column":44}},"92":{"start":{"line":260,"column":2},"end":{"line":260,"column":38}},"93":{"start":{"line":260,"column":24},"end":{"line":260,"column":38}},"94":{"start":{"line":261,"column":2},"end":{"line":261,"column":40}},"95":{"start":{"line":261,"column":24},"end":{"line":261,"column":40}},"96":{"start":{"line":262,"column":2},"end":{"line":262,"column":15}},"97":{"start":{"line":269,"column":21},"end":{"line":269,"column":64}},"98":{"start":{"line":269,"column":39},"end":{"line":269,"column":63}},"99":{"start":{"line":270,"column":2},"end":{"line":270,"column":56}},"100":{"start":{"line":270,"column":29},"end":{"line":270,"column":56}},"101":{"start":{"line":272,"column":24},"end":{"line":272,"column":108}},"102":{"start":{"line":272,"column":57},"end":{"line":272,"column":84}},"103":{"start":{"line":274,"column":2},"end":{"line":274,"column":42}},"104":{"start":{"line":274,"column":28},"end":{"line":274,"column":42}},"105":{"start":{"line":275,"column":2},"end":{"line":275,"column":44}},"106":{"start":{"line":275,"column":28},"end":{"line":275,"column":44}},"107":{"start":{"line":276,"column":2},"end":{"line":276,"column":15}},"108":{"start":{"line":283,"column":21},"end":{"line":283,"column":64}},"109":{"start":{"line":283,"column":39},"end":{"line":283,"column":63}},"110":{"start":{"line":284,"column":2},"end":{"line":284,"column":38}},"111":{"start":{"line":284,"column":29},"end":{"line":284,"column":38}},"112":{"start":{"line":287,"column":22},"end":{"line":287,"column":61}},"113":{"start":{"line":287,"column":42},"end":{"line":287,"column":60}},"114":{"start":{"line":288,"column":14},"end":{"line":288,"column":77}},"115":{"start":{"line":288,"column":45},"end":{"line":288,"column":52}},"116":{"start":{"line":289,"column":19},"end":{"line":289,"column":101}},"117":{"start":{"line":289,"column":50},"end":{"line":289,"column":76}},"118":{"start":{"line":291,"column":2},"end":{"line":291,"column":35}},"119":{"start":{"line":298,"column":21},"end":{"line":298,"column":64}},"120":{"start":{"line":298,"column":39},"end":{"line":298,"column":63}},"121":{"start":{"line":299,"column":2},"end":{"line":299,"column":38}},"122":{"start":{"line":299,"column":29},"end":{"line":299,"column":38}},"123":{"start":{"line":302,"column":18},"end":{"line":302,"column":55}},"124":{"start":{"line":302,"column":38},"end":{"line":302,"column":54}},"125":{"start":{"line":303,"column":20},"end":{"line":303,"column":75}},"126":{"start":{"line":303,"column":47},"end":{"line":303,"column":54}},"127":{"start":{"line":304,"column":25},"end":{"line":304,"column":105}},"128":{"start":{"line":304,"column":52},"end":{"line":304,"column":84}},"129":{"start":{"line":306,"column":2},"end":{"line":306,"column":69}},"130":{"start":{"line":313,"column":21},"end":{"line":313,"column":64}},"131":{"start":{"line":313,"column":39},"end":{"line":313,"column":63}},"132":{"start":{"line":314,"column":23},"end":{"line":314,"column":53}},"133":{"start":{"line":316,"column":2},"end":{"line":321,"column":5}},"134":{"start":{"line":317,"column":18},"end":{"line":317,"column":39}},"135":{"start":{"line":318,"column":4},"end":{"line":320,"column":28}},"136":{"start":{"line":318,"column":26},"end":{"line":318,"column":46}},"137":{"start":{"line":319,"column":9},"end":{"line":320,"column":28}},"138":{"start":{"line":319,"column":33},"end":{"line":319,"column":55}},"139":{"start":{"line":320,"column":9},"end":{"line":320,"column":28}},"140":{"start":{"line":323,"column":2},"end":{"line":323,"column":22}},"141":{"start":{"line":330,"column":23},"end":{"line":330,"column":49}},"142":{"start":{"line":331,"column":25},"end":{"line":331,"column":101}},"143":{"start":{"line":331,"column":53},"end":{"line":331,"column":97}},"144":{"start":{"line":334,"column":24},"end":{"line":334,"column":88}},"145":{"start":{"line":336,"column":2},"end":{"line":342,"column":4}},"146":{"start":{"line":345,"column":0},"end":{"line":345,"column":24}}},"fnMap":{"0":{"name":"(anonymous_0)","decl":{"start":{"line":19,"column":2},"end":{"line":19,"column":3}},"loc":{"start":{"line":19,"column":22},"end":{"line":121,"column":3}},"line":19},"1":{"name":"(anonymous_1)","decl":{"start":{"line":38,"column":45},"end":{"line":38,"column":46}},"loc":{"start":{"line":38,"column":53},"end":{"line":56,"column":7}},"line":38},"2":{"name":"(anonymous_2)","decl":{"start":{"line":73,"column":54},"end":{"line":73,"column":55}},"loc":{"start":{"line":73,"column":69},"end":{"line":73,"column":96}},"line":73},"3":{"name":"(anonymous_3)","decl":{"start":{"line":99,"column":46},"end":{"line":99,"column":47}},"loc":{"start":{"line":99,"column":51},"end":{"line":99,"column":75}},"line":99},"4":{"name":"calculateConfidenceScore","decl":{"start":{"line":127,"column":9},"end":{"line":127,"column":33}},"loc":{"start":{"line":127,"column":40},"end":{"line":147,"column":1}},"line":127},"5":{"name":"getConfidenceLevel","decl":{"start":{"line":152,"column":9},"end":{"line":152,"column":27}},"loc":{"start":{"line":152,"column":35},"end":{"line":157,"column":1}},"line":152},"6":{"name":"getConfidenceFactors","decl":{"start":{"line":162,"column":9},"end":{"line":162,"column":29}},"loc":{"start":{"line":162,"column":52},"end":{"line":182,"column":1}},"line":162},"7":{"name":"analyzeResponseQuality","decl":{"start":{"line":187,"column":9},"end":{"line":187,"column":31}},"loc":{"start":{"line":187,"column":41},"end":{"line":199,"column":1}},"line":187},"8":{"name":"(anonymous_8)","decl":{"start":{"line":189,"column":55},"end":{"line":189,"column":56}},"loc":{"start":{"line":189,"column":60},"end":{"line":189,"column":79}},"line":189},"9":{"name":"calcula
[...]
0,"column":51}},"110":{"start":{"line":441,"column":6},"end":{"line":444,"column":9}},"111":{"start":{"line":449,"column":0},"end":{"line":449,"column":24}}},"fnMap":{"0":{"name":"(anonymous_0)","decl":{"start":{"line":23,"column":22},"end":{"line":23,"column":23}},"loc":{"start":{"line":23,"column":42},"end":{"line":43,"column":1}},"line":23},"1":{"name":"(anonymous_1)","decl":{"start":{"line":51,"column":2},"end":{"line":51,"column":3}},"loc":{"start":{"line":51,"column":22},"end":{"line":115,"column":3}},"line":51},"2":{"name":"(anonymous_2)","decl":{"start":{"line":123,"column":2},"end":{"line":123,"column":3}},"loc":{"start":{"line":123,"column":22},"end":{"line":150,"column":3}},"line":123},"3":{"name":"(anonymous_3)","decl":{"start":{"line":159,"column":2},"end":{"line":159,"column":3}},"loc":{"start":{"line":159,"column":22},"end":{"line":205,"column":3}},"line":159},"4":{"name":"(anonymous_4)","decl":{"start":{"line":178,"column":47},"end":{"line":178,"column":48}},"loc":{"start":{"line":178,"column":66},"end":{"line":185,"column":7}},"line":178},"5":{"name":"(anonymous_5)","decl":{"start":{"line":217,"column":2},"end":{"line":217,"column":3}},"loc":{"start":{"line":217,"column":22},"end":{"line":264,"column":3}},"line":217},"6":{"name":"(anonymous_6)","decl":{"start":{"line":273,"column":2},"end":{"line":273,"column":3}},"loc":{"start":{"line":273,"column":22},"end":{"line":322,"column":3}},"line":273},"7":{"name":"(anonymous_7)","decl":{"start":{"line":330,"column":2},"end":{"line":330,"column":3}},"loc":{"start":{"line":330,"column":22},"end":{"line":379,"column":3}},"line":330},"8":{"name":"(anonymous_8)","decl":{"start":{"line":387,"column":2},"end":{"line":387,"column":3}},"loc":{"start":{"line":387,"column":22},"end":{"line":446,"column":3}},"line":387}},"branchMap":{"0":{"loc":{"start":{"line":54,"column":6},"end":{"line":67,"column":7}},"type":"if","locations":[{"start":{"line":54,"column":6},"end":{"line":67,"column":7}},{"start":{},"end":{}}],"line":54},"1":{"loc":{"start":{"line":54,"column":10},"end":{"line":54,"column":74}},"type":"binary-expr","locations":[{"start":{"line":54,"column":10},"end":{"line":54,"column":31}},{"start":{"line":54,"column":35},"end":{"line":54,"column":74}}],"line":54},"2":{"loc":{"start":{"line":70,"column":8},"end":{"line":70,"column":16}},"type":"default-arg","locations":[{"start":{"line":70,"column":15},"end":{"line":70,"column":16}}],"line":70},"3":{"loc":{"start":{"line":71,"column":8},"end":{"line":71,"column":18}},"type":"default-arg","locations":[{"start":{"line":71,"column":16},"end":{"line":71,"column":18}}],"line":71},"4":{"loc":{"start":{"line":80,"column":6},"end":{"line":80,"column":48}},"type":"if","locations":[{"start":{"line":80,"column":6},"end":{"line":80,"column":48}},{"start":{},"end":{}}],"line":80},"5":{"loc":{"start":{"line":81,"column":6},"end":{"line":81,"column":51}},"type":"if","locations":[{"start":{"line":81,"column":6},"end":{"line":81,"column":51}},{"start":{},"end":{}}],"line":81},"6":{"loc":{"start":{"line":82,"column":6},"end":{"line":82,"column":54}},"type":"if","locations":[{"start":{"line":82,"column":6},"end":{"line":82,"column":54}},{"start":{},"end":{}}],"line":82},"7":{"loc":{"start":{"line":83,"column":6},"end":{"line":83,"column":61}},"type":"if","locations":[{"start":{"line":83,"column":6},"end":{"line":83,"column":61}},{"start":{},"end":{}}],"line":83},"8":{"loc":{"start":{"line":84,"column":6},"end":{"line":84,"column":55}},"type":"if","locations":[{"start":{"line":84,"column":6},"end":{"line":84,"column":55}},{"start":{},"end":{}}],"line":84},"9":{"loc":{"start":{"line":126,"column":6},"end":{"line":131,"column":7}},"type":"if","locations":[{"start":{"line":126,"column":6},"end":{"line":131,"column":7}},{"start":{},"end":{}}],"line":126},"10":{"loc":{"start":{"line":126,"column":10},"end":{"line":126,"column":74}},"type":"binary-expr","locations":[{"start":{"line":126,"column":10},"end":{"line":126,"column":31}},{"start":{"line":126,"column":35},"end":{"line":126,"column":74}}],"line":126},"11":{"loc":{"start":{"line":133,"column":14},"end":{"line":133,"column":28}},"type":"default-arg","locations":[{"start":{"line":133,"column":26},"end":{"line":133,"column":28}}],"line":133},"12":{"loc":{"start":{"line":162,"column":6},"end":{"line":167,"column":7}},"type":"if","locations":[{"start":{"line":162,"column":6},"end":{"line":167,"column":7}},{"start":{},"end":{}}],"line":162},"13":{"loc":{"start":{"line":162,"column":10},"end":{"line":162,"column":74}},"type":"binary-expr","locations":[{"start":{"line":162,"column":10},"end":{"line":162,"column":31}},{"start":{"line":162,"column":35},"end":{"line":162,"column":74}}],"line":162},"14":{"loc":{"start":{"line":169,"column":14},"end":{"line":169,"column":28}},"type":"default-arg","locations":[{"start":{"line":169,"column":26},"end":{"line":169,"column":28}}],"line":169},"15":{"loc":{"start":{"line":180,"column":8},"end":{"line":182,"column":9}},"type":"if","locations":[{"start":{"line":180,"column":8},"end":{"line":182,"column":9}},{"start":{},"end":{}}],"line":180},"16":{"loc":{"start":{"line":219,"column":33},"end":{"line":219,"column":52}},"type":"default-arg","locations":[{"start":{"line":219,"column":44},"end":{"line":219,"column":52}}],"line":219},"17":{"loc":{"start":{"line":220,"column":21},"end":{"line":220,"column":46}},"type":"binary-expr","locations":[{"start":{"line":220,"column":21},"end":{"line":220,"column":31}},{"start":{"line":220,"column":35},"end":{"line":220,"column":46}}],"line":220},"18":{"loc":{"start":{"line":222,"column":6},"end":{"line":227,"column":7}},"type":"if","locations":[{"start":{"line":222,"column":6},"end":{"line":227,"column":7}},{"start":{},"end":{}}],"line":222},"19":{"loc":{"start":{"line":222,"column":10},"end":{"line":222,"column":31}},"type":"binary-expr","locations":[{"start":{"line":222,"column":10},"end":{"line":222,"column":15}},{"start":{"line":222,"column":19},"end":{"line":222,"column":31}}],"line":222},"20":{"loc":{"start":{"line":230,"column":6},"end":{"line":235,"column":7}},"type":"if","locations":[{"start":{"line":230,"column":6},"end":{"line":235,"column":7}},{"start":{},"end":{}}],"line":230},"21":{"loc":{"start":{"line":276,"column":6},"end":{"line":281,"column":7}},"type":"if","locations":[{"start":{"line":276,"column":6},"end":{"line":281,"column":7}},{"start":{},"end":{}}],"line":276},"22":{"loc":{"start":{"line":276,"column":10},"end":{"line":276,"column":74}},"type":"binary-expr","locations":[{"start":{"line":276,"column":10},"end":{"line":276,"column":31}},{"start":{"line":276,"column":35},"end":{"line":276,"column":74}}],"line":276},"23":{"loc":{"start":{"line":283,"column":14},"end":{"line":283,"column":32}},"type":"default-arg","locations":[{"start":{"line":283,"column":30},"end":{"line":283,"column":32}}],"line":283},"24":{"loc":{"start":{"line":285,"column":6},"end":{"line":290,"column":7}},"type":"if","locations":[{"start":{"line":285,"column":6},"end":{"line":290,"column":7}},{"start":{},"end":{}}],"line":285},"25":{"loc":{"start":{"line":285,"column":10},"end":{"line":285,"column":51}},"type":"binary-expr","locations":[{"start":{"line":285,"column":10},"end":{"line":285,"column":28}},{"start":{"line":285,"column":32},"end":{"line":285,"column":51}}],"line":285},"26":{"loc":{"start":{"line":333,"column":6},"end":{"line":338,"column":7}},"type":"if","locations":[{"start":{"line":333,"column":6},"end":{"line":338,"column":7}},{"start":{},"end":{}}],"line":333},"27":{"loc":{"start":{"line":333,"column":10},"end":{"line":333,"column":74}},"type":"binary-expr","locations":[{"start":{"line":333,"column":10},"end":{"line":333,"column":31}},{"start":{"line":333,"column":35},"end":{"line":333,"column":74}}],"line":333},"28":{"loc":{"start":{"line":389,"column":6},"end":{"line":394,"column":7}},"type":"if","locations":[{"start":{"line":389,"column":6},"end":{"line":394,"column":7}},{"start":{},"end":{}}],"line":389},"29":{"loc":{"start":{"line":399,"column":6},"end":{"line":431,"column":7}},"type":"switch","locations":[{"start":{"line":400,"column":8},"end":{"line":408,"column":16}},{"start":{"line":410,"column":8},"end":{"line":416,"column":16}},{"start":{"line":418,"column":8},"end":{"line":424,"column":13}},{"start":{"line":426,"column":8},"end":{"line":430,"column":13}}],"line":399}},"s":{"0":1,"1":1,"2":1,"3":1,"4":1,"5":1,"6":1,"7":1,"8":1,"9":1,"10":1,"11":1,"12":1,"13":0,"14":1,"15":2,"16":2,"17":1,"18":1,"19":1,"20":1,"21":1,"22":0,"23":1,"24":0,"25":1,"26":0,"27":1,"28":0,"29":1,"30":0,"31":1,"32":1,"33":1,"34":0,"35":0,"36":1,"37":1,"38":1,"39":0,"40":1,"41":1,"42":1,"43":0,"44":0,"45":1,"46":0,"47":0,"48":0,"49":0,"50":0,"51":0,"52":0,"53":0,"54":0,"55":0,"56":0,"57":0,"58":0,"59":0,"60":0,"61":1,"62":0,"63":0,"64":0,"65":0,"66":0,"67":0,"68":0,"69":0,"70":0,"71":0,"72":0,"73":0,"74":1,"75":0,"76":0,"77":0,"78":0,"79":0,"80":0,"81":0,"82":0,"83":0,"84":0,"85":0,"86":1,"87":1,"88":1,"89":0,"90":1,"91":1,"92":0,"93":0,"94":1,"95":0,"96":0,"97":0,"98":0,"99":0,"100":0,"101":0,"102":0,"103":0,"104":0,"105":0,"106":0,"107":0,"108":0,"109":0,"110":0,"111":1},"f":{"0":1,"1":2,"2":1,"3":0,"4":0,"5":0,"6":0,"7":1,"8":0},"b":{"0":[1,1],"1":[2,2],"2":[1],"3":[1],"4":[0,1],"5":[0,1],"6":[0,1],"7":[0,1],"8":[0,1],"9":[0,1],"10":[1,1],"11":[1],"12":[0,0],"13":[0,0],"14":[0],"15":[0,0],"16":[0],"17":[0,0],"18":[0,0],"19":[0,0],"20":[0,0],"21":[0,0],"22":[0,0],"23":[0],"24":[0,0],"25":[0,0],"26":[0,1],"27":[1,1],"28":[0,0],"29":[0,0,0,0]},"_coverageSchema":"1a1c01bbd47fc00a2c39e90264f33305004495a9","hash":"c8bd40bd589edf8890fc7df7ad8e74358d53edfe"}
,"/Users/salscrudato/Projects/neurastack-backend/routes/status.js": {"path":"/Users/salscrudato/Projects/neurastack-backend/routes/status.js","statementMap":{"0":{"start":{"line":6,"column":16},"end":{"line":6,"column":34}},"1":{"start":{"line":7,"column":26},"end":{"line":7,"column":66}},"2":{"start":{"line":8,"column":37},"end":{"line":8,"column":88}},"3":{"start":{"line":9,"column":21},"end":{"line":9,"column":56}},"4":{"start":{"line":10,"column":30},"end":{"line":10,"column":67}},"5":{"start":{"line":12,"column":15},"end":{"line":12,"column":31}},"6":{"start":{"line":17,"column":0},"end":{"line":29,"column":3}},"7":{"start":{"line":18,"column":2},"end":{"line":28,"column":3}},"8":{"start":{"line":19,"column":19},"end":{"line":19,"column":42}},"9":{"start":{"line":20,"column":4},"end":{"line":20,"column":21}},"10":{"start":{"line":22,"column":4},"end":{"line":22,"column":46}},"11":{"start":{"line":23,"column":4},"end":{"line":27,"column":7}},"12":{"start":{"line":34,"column":0},"end":{"line":355,"column":3}},"13":{"start":{"line":35,"column":21},"end":{"line":352,"column":8}},"14":{"start":{"line":354,"column":2},"end":{"line":354,"column":23}},"15":{"start":{"line":361,"column":19},"end":{"line":361,"column":21}},"16":{"start":{"line":362,"column":22},"end":{"line":362,"column":35}},"17":{"start":{"line":363,"column":22},"end":{"line":363,"column":23}},"18":{"start":{"line":364,"column":18},"end":{"line":364,"column":19}},"19":{"start":{"line":367,"column":20},"end":{"line":371,"column":3}},"20":{"start":{"line":373,"column":2},"end":{"line":379,"column":3}},"21":{"start":{"line":374,"column":19},"end":{"line":374,"column":50}},"22":{"start":{"line":375,"column":4},"end":{"line":375,"column":26}},"23":{"start":{"line":377,"column":4},"end":{"line":378,"column":58}},"24":{"start":{"line":377,"column":35},"end":{"line":377,"column":47}},"25":{"start":{"line":378,"column":9},"end":{"line":378,"column":58}},"26":{"start":{"line":378,"column":42},"end":{"line":378,"column":58}},"27":{"start":{"line":382,"column":23},"end":{"line":387,"column":3}},"28":{"start":{"line":389,"column":2},"end":{"line":395,"column":3}},"29":{"start":{"line":390,"column":19},"end":{"line":390,"column":40}},"30":{"start":{"line":391,"column":4},"end":{"line":391,"column":26}},"31":{"start":{"line":393,"column":4},"end":{"line":394,"column":58}},"32":{"start":{"line":393,"column":35},"end":{"line":393,"column":47}},"33":{"start":{"line":394,"column":9},"end":{"line":394,"column":58}},"34":{"start":{"line":394,"column":42},"end":{"line":394,"column":58}},"35":{"start":{"line":398,"column":2},"end":{"line":402,"column":3}},"36":{"start":{"line":399,"column":4},"end":{"line":399,"column":27}},"37":{"start":{"line":400,"column":9},"end":{"line":402,"column":3}},"38":{"start":{"line":401,"column":4},"end":{"line":401,"column":31}},"39":{"start":{"line":404,"column":2},"end":{"line":417,"column":4}},"40":{"start":{"line":424,"column":20},"end":{"line":424,"column":30}},"41":{"start":{"line":426,"column":2},"end":{"line":448,"column":3}},"42":{"start":{"line":429,"column":25},"end":{"line":429,"column":51}},"43":{"start":{"line":430,"column":22},"end":{"line":430,"column":41}},"44":{"start":{"line":432,"column":4},"end":{"line":438,"column":6}},"45":{"start":{"line":440,"column":4},"end":{"line":447,"column":6}},"46":{"start":{"line":455,"column":2},"end":{"line":473,"column":3}},"47":{"start":{"line":456,"column":27},"end":{"line":456,"column":46}},"48":{"start":{"line":457,"column":4},"end":{"line":463,"column":6}},"49":{"start":{"line":465,"column":4},"end":{"line":472,"column":6}},"50":{"start":{"line":480,"column":2},"end":{"line":497,"column":3}},"51":{"start":{"line":481,"column":4},"end":{"line":487,"column":6}},"52":{"start":{"line":489,"column":4},"end":{"line":496,"column":6}},"53":{"start":{"line":504,"column":2},"end":{"line":522,"column":3}},"54":{"start":{"line":505,"column":20},"end":{"line":505,"column":45}},"55":{"start":{"line":506,"column":4},"end":{"line":512,"column":6}},"56":{"start":{"line":514,"column":4},"end":{"line":521,"column":6}},"57":{"start":{"line":529,"column":2},"end":{"line":547,"column":3}},"58":{"start":{"line":530,"column":19},"end":{"line":530,"column":60}},"59":{"start":{"line":531,"column":4},"end":{"line":537,"column":6}},"60":{"start":{"line":539,"column":4},"end":{"line":546,"column":6}},"61":{"start":{"line":554,"column":2},"end":{"line":560,"column":3}},"62":{"start":{"line":555,"column":4},"end":{"line":555,"column":51}},"63":{"start":{"line":556,"column":9},"end":{"line":560,"column":3}},"64":{"start":{"line":557,"column":4},"end":{"line":557,"column":56}},"65":{"start":{"line":559,"column":4},"end":{"line":559,"column":63}},"66":{"start":{"line":563,"column":0},"end":{"line":563,"column":24}}},"fnMap":{"0":{"name":"(anonymous_0)","decl":{"start":{"line":17,"column":19},"end":{"line":17,"column":20}},"loc":{"start":{"line":17,"column":39},"end":{"line":29,"column":1}},"line":17},"1":{"name":"(anonymous_1)","decl":{"start":{"line":34,"column":16},"end":{"line":34,"column":17}},"loc":{"start":{"line":34,"column":30},"end":{"line":355,"column":1}},"line":34},"2":{"name":"getSystemStatus","decl":{"start":{"line":360,"column":15},"end":{"line":360,"column":30}},"loc":{"start":{"line":360,"column":33},"end":{"line":418,"column":1}},"line":360},"3":{"name":"checkVendorStatus","decl":{"start":{"line":423,"column":15},"end":{"line":423,"column":32}},"loc":{"start":{"line":423,"column":41},"end":{"line":449,"column":1}},"line":423},"4":{"name":"checkEnsembleService","decl":{"start":{"line":454,"column":15},"end":{"line":454,"column":35}},"loc":{"start":{"line":454,"column":38},"end":{"line":474,"column":1}},"line":454},"5":{"name":"checkMemorySystem","decl":{"start":{"line":479,"column":15},"end":{"line":479,"column":32}},"loc":{"start":{"line":479,"column":35},"end":{"line":498,"column":1}},"line":479},"6":{"name":"checkCacheService","decl":{"start":{"line":503,"column":15},"end":{"line":503,"column":32}},"loc":{"start":{"line":503,"column":35},"end":{"line":523,"column":1}},"line":503},"7":{"name":"checkMonitoringService","decl":{"start":{"line":528,"column":15},"end":{"line":528,"column":37}},"loc":{"start":{"line":528,"column":40},"end":{"line":548,"column":1}},"line":528},"8":{"name":"getStatusDescription","decl":{"start":{"line":553,"column":9},"end":{"line":553,"column":29}},"loc":{"start":{"line":553,"column":61},"end":{"line":561,"column":1}},"line":553}},"branchMap":{"0":{"loc":{"start":{"line":377,"column":4},"end":{"line":378,"column":58}},"type":"if","locations":[{"start":{"line":377,"column":4},"end":{"line":378,"column":58}},{"start":{"line":378,"column":9},"end":{"line":378,"column":58}}],"line":377},"1":{"loc":{"start":{"line":378,"column":9},"end":{"line":378,"column":58}},"type":"if","locations":[{"start":{"line":378,"column":9},"end":{"line":378,"column":58}},{"start":{},"end":{}}],"line":378},"2":{"loc":{"start":{"line":393,"column":4},"end":{"line":394,"column":58}},"type":"if","locations":[{"start":{"line":393,"column":4},"end":{"line":394,"column":58}},{"start":{"line":394,"column":9},"end":{"line":394,"column":58}}],"line":393},"3":{"loc":{"start":{"line":394,"column":9},"end":{"line":394,"column":58}},"type":"if","locations":[{"start":{"line":394,"column":9},"end":{"line":394,"column":58}},{"start":{},"end":{}}],"line":394},"4":{"loc":{"start":{"line":398,"column":2},"end":{"line":402,"column":3}},"type":"if","locations":[{"start":{"line":398,"column":2},"end":{"line":402,"column":3}},{"start":{"line":400,"column":9},"end":{"line":402,"column":3}}],"line":398},"5":{"loc":{"start":{"line":400,"column":9},"end":{"line":402,"column":3}},"type":"if","locations":[{"start":{"line":400,"column":9},"end":{"line":402,"column":3}},{"start":{},"end":{}}],"line":400},"6":{"loc":{"start":{"line":434,"column":14},"end":{"line":434,"column":45}},"type":"cond-expr","locations":[{"start":{"line":434,"column":26},"end":{"line":434,"column":35}},{"start":{"line":434,"column":38},"end":{"line":434,"column":45}}],"line":434},"7":{"loc":{"start":{"line":436,"column":14},"end":{"line":436,"column":43}},"type":"cond-expr","locations":[{"start":{"line":436,"column":26},"end":{"line":436,"column":33}},{"start":{"line":436,"column":36},"end":{"line":436,"column":43}}],"line":436},"8":{"loc":{"start":{"line":508,"column":14},"end":{"line":508,"column":60}},"type":"cond-expr","locations":[{"start":{"line":508,"column":39},"end":{"line":508,"column":48}},{"start":{"line":508,"column":51},"end":{"line":508,"column":60}}],"line":508},"9":{"loc":{"start":{"line":510,"column":14},"end":{"line":510,"column":56}},"type":"cond-expr","locations":[{"start":{"line":510,"column":39},"end":{"line":510,"column":46}},{"start":{"line":510,"column":49},"end":{"line":510,"column":56}}],"line":510},"10":{"loc":{"start":{"line":533,"column":14},"end":{"line":533,"column":65}},"type":"cond-expr","locations":[{"start":{"line":533,"column":44},"end":{"line":533,"column":53}},{"start":{"line":533,"column":56},"end":{"line":533,"column":65}}],"line":533},"11":{"loc":{"start":{"line":554,"column":2},"end":{"line":560,"column":3}},"type":"if","locations":[{"start":{"line":554,"column":2},"end":{"line":560,"column":3}},{"start":{"line":556,"column":9},"end":{"line":560,"column":3}}],"line":554},"12":{"loc":{"start":{"line":556,"column":9},"end":{"line":560,"column":3}},"type":"if","locations":[{"start":{"line":556,"column":9},"end":{"line":560,"column":3}},{"start":{"line":558,"column":9},"end":{"line":560,"column":3}}],"line":556}},"s":{"0":1,"1":1,"2":1,"3":1,"4":1,"5":1,"6":1,"7":0,"8":0,"9":0,"10":0,"11":0,"12":1,"13":0,"14":0,"15":0,"16":0,"17":0,"18":0,"19":0,"20":0,"21":0,"22":0,"23":0,"24":0,"25":0,"26":0,"27":0,"28":0,"29":0,"30":0,"31":0,"32":0,"33":0,"34":0,"35":0,"36":0,"37":0,"38":0,"39":0,"40":0,"41":0,"42":0,"43":0,"44":0,"45":0,"46":0,"47":0,"48":0,"49":0,"50":0,"51":0,"52":0,"53":0,"54":0,"55":0,"56":0,"57":0,"58":0,"59":0,"60":0,"61":0,"62":0,"63":0,"64":0,"65":0,"66":1},"f":{"0":0,"1":0,"2":0,"3":0,"4":0,"5":0,"6":0,"7":0,"8":0},"b":{"0":[0,0],"1":[0,0],"2":[0,0],"3":[0,0],"4":[0,0],"5":[0,0],"6":[0,0],"7":[0,0],"8":[0,0],"9":[0,0],"10":[0,0],"11":[0,0],"12":[0,0]},"_coverageSchema":"1a1c01bbd47fc00a2c39e90264f33305004495a9","hash":"6a318b9022b8936ef6a5d58c248c07db16a3bb81"}
}
