TN:
SF:config/ensemblePrompts.js
FN:170,(anonymous_0)
FN:177,(anonymous_1)
FN:196,(anonymous_2)
FNF:3
FNH:0
FNDA:0,(anonymous_0)
FNDA:0,(anonymous_1)
FNDA:0,(anonymous_2)
DA:4,1
DA:7,1
DA:23,1
DA:46,1
DA:47,1
DA:49,1
DA:170,0
DA:178,0
DA:193,0
DA:194,0
DA:196,0
DA:197,0
DA:198,0
DA:199,0
DA:200,0
DA:204,0
LF:16
LH:6
BRDA:4,0,0,1
BRDA:4,0,1,1
BRDA:55,1,0,1
BRDA:55,1,1,0
BRDA:72,2,0,1
BRDA:72,2,1,0
BRDA:96,3,0,1
BRDA:96,3,1,0
BRDA:120,4,0,1
BRDA:120,4,1,0
BRDA:144,5,0,1
BRDA:144,5,1,0
BRDA:170,6,0,0
BRDA:171,7,0,0
BRDA:171,7,1,0
BRDA:172,8,0,0
BRDA:172,8,1,0
BRDA:177,9,0,0
BRDA:193,10,0,0
BRDA:193,10,1,0
BRDA:196,11,0,0
BRDA:196,11,1,0
BRDA:198,12,0,0
BRDA:198,12,1,0
BRF:24
BRH:7
end_of_record
TN:
SF:config/openai.js
FNF:0
FNH:0
DA:1,1
DA:2,1
DA:4,1
DA:8,1
LF:4
LH:4
BRF:0
BRH:0
end_of_record
TN:
SF:config/prompts.js
FNF:0
FNH:0
DA:1,1
LF:1
LH:1
BRF:0
BRH:0
end_of_record
TN:
SF:routes/alerts.js
FN:12,getAlertEngine
FN:17,getAlertServices
FN:30,(anonymous_2)
FN:60,(anonymous_3)
FN:79,(anonymous_4)
FN:100,(anonymous_5)
FN:124,(anonymous_6)
FN:147,(anonymous_7)
FN:172,(anonymous_8)
FN:190,(anonymous_9)
FN:211,(anonymous_10)
FN:236,(anonymous_11)
FN:254,(anonymous_12)
FN:279,(anonymous_13)
FN:304,(anonymous_14)
FN:330,(anonymous_15)
FN:352,(anonymous_16)
FN:376,(anonymous_17)
FN:406,(anonymous_18)
FN:436,(anonymous_19)
FNF:20
FNH:0
FNDA:0,getAlertEngine
FNDA:0,getAlertServices
FNDA:0,(anonymous_2)
FNDA:0,(anonymous_3)
FNDA:0,(anonymous_4)
FNDA:0,(anonymous_5)
FNDA:0,(anonymous_6)
FNDA:0,(anonymous_7)
FNDA:0,(anonymous_8)
FNDA:0,(anonymous_9)
FNDA:0,(anonymous_10)
FNDA:0,(anonymous_11)
FNDA:0,(anonymous_12)
FNDA:0,(anonymous_13)
FNDA:0,(anonymous_14)
FNDA:0,(anonymous_15)
FNDA:0,(anonymous_16)
FNDA:0,(anonymous_17)
FNDA:0,(anonymous_18)
FNDA:0,(anonymous_19)
DA:6,1
DA:7,1
DA:8,1
DA:9,1
DA:13,0
DA:18,0
DA:19,0
DA:20,0
DA:22,0
DA:30,1
DA:31,0
DA:32,0
DA:33,0
DA:34,0
DA:37,0
DA:38,0
DA:41,0
DA:42,0
DA:43,0
DA:46,0
DA:47,0
DA:49,0
DA:50,0
DA:60,1
DA:61,0
DA:62,0
DA:63,0
DA:64,0
DA:70,0
DA:71,0
DA:79,1
DA:80,0
DA:81,0
DA:82,0
DA:83,0
DA:86,0
DA:91,0
DA:92,0
DA:100,1
DA:101,0
DA:102,0
DA:104,0
DA:110,0
DA:115,0
DA:116,0
DA:124,1
DA:125,0
DA:126,0
DA:128,0
DA:133,0
DA:138,0
DA:139,0
DA:147,1
DA:148,0
DA:149,0
DA:151,0
DA:156,0
DA:161,0
DA:162,0
DA:172,1
DA:173,0
DA:174,0
DA:175,0
DA:181,0
DA:182,0
DA:190,1
DA:191,0
DA:192,0
DA:193,0
DA:194,0
DA:197,0
DA:202,0
DA:203,0
DA:211,1
DA:212,0
DA:213,0
DA:215,0
DA:220,0
DA:225,0
DA:226,0
DA:236,1
DA:237,0
DA:238,0
DA:239,0
DA:245,0
DA:246,0
DA:254,1
DA:255,0
DA:256,0
DA:258,0
DA:263,0
DA:268,0
DA:269,0
DA:279,1
DA:280,0
DA:281,0
DA:282,0
DA:284,0
DA:286,0
DA:293,0
DA:294,0
DA:304,1
DA:305,0
DA:306,0
DA:307,0
DA:308,0
DA:310,0
DA:321,0
DA:322,0
DA:330,1
DA:331,0
DA:332,0
DA:334,0
DA:338,0
DA:343,0
DA:344,0
DA:352,1
DA:353,0
DA:354,0
DA:356,0
DA:360,0
DA:365,0
DA:366,0
DA:376,1
DA:377,0
DA:378,0
DA:379,0
DA:380,0
DA:383,0
DA:385,0
DA:391,0
DA:397,0
DA:398,0
DA:406,1
DA:407,0
DA:408,0
DA:409,0
DA:410,0
DA:413,0
DA:415,0
DA:421,0
DA:427,0
DA:428,0
DA:436,1
DA:437,0
DA:438,0
DA:439,0
DA:441,0
DA:449,0
DA:450,0
DA:454,1
LF:151
LH:23
BRDA:19,0,0,0
BRDA:19,0,1,0
BRDA:33,1,0,0
BRDA:33,1,1,0
BRDA:42,2,0,0
BRDA:42,2,1,0
BRDA:42,3,0,0
BRDA:42,3,1,0
BRDA:82,4,0,0
BRDA:82,4,1,0
BRDA:139,5,0,0
BRDA:139,5,1,0
BRDA:162,6,0,0
BRDA:162,6,1,0
BRDA:193,7,0,0
BRDA:193,7,1,0
BRDA:226,8,0,0
BRDA:226,8,1,0
BRDA:269,9,0,0
BRDA:269,9,1,0
BRDA:281,10,0,0
BRDA:281,10,1,0
BRDA:282,11,0,0
BRDA:282,11,1,0
BRDA:379,12,0,0
BRDA:379,12,1,0
BRDA:398,13,0,0
BRDA:398,13,1,0
BRDA:409,14,0,0
BRDA:409,14,1,0
BRDA:428,15,0,0
BRDA:428,15,1,0
BRDA:438,16,0,0
BRDA:438,16,1,0
BRF:34
BRH:0
end_of_record
TN:
SF:routes/auth.js
FN:21,(anonymous_0)
FN:70,(anonymous_1)
FN:81,(anonymous_2)
FN:123,(anonymous_3)
FN:150,(anonymous_4)
FN:157,(anonymous_5)
FN:195,(anonymous_6)
FN:225,(anonymous_7)
FN:260,(anonymous_8)
FN:299,(anonymous_9)
FNF:10
FNH:1
FNDA:0,(anonymous_0)
FNDA:0,(anonymous_1)
FNDA:0,(anonymous_2)
FNDA:0,(anonymous_3)
FNDA:0,(anonymous_4)
FNDA:0,(anonymous_5)
FNDA:3,(anonymous_6)
FNDA:0,(anonymous_7)
FNDA:0,(anonymous_8)
FNDA:0,(anonymous_9)
DA:6,1
DA:7,1
DA:8,1
DA:9,1
DA:11,1
DA:16,1
DA:22,0
DA:23,0
DA:25,0
DA:26,0
DA:33,0
DA:36,0
DA:38,0
DA:52,0
DA:53,0
DA:64,1
DA:71,0
DA:72,0
DA:73,0
DA:74,0
DA:77,0
DA:78,0
DA:80,0
DA:81,0
DA:82,0
DA:89,0
DA:96,0
DA:109,0
DA:110,0
DA:121,1
DA:124,0
DA:125,0
DA:126,0
DA:128,0
DA:135,0
DA:136,0
DA:147,1
DA:151,0
DA:152,0
DA:153,0
DA:156,0
DA:157,0
DA:159,0
DA:160,0
DA:166,0
DA:168,0
DA:169,0
DA:174,0
DA:181,0
DA:182,0
DA:193,1
DA:196,3
DA:197,3
DA:198,3
DA:200,3
DA:202,3
DA:211,0
DA:212,0
DA:223,1
DA:226,0
DA:228,0
DA:229,0
DA:235,0
DA:236,0
DA:238,0
DA:246,0
DA:247,0
DA:258,1
DA:261,0
DA:262,0
DA:264,0
DA:265,0
DA:271,0
DA:273,0
DA:286,0
DA:298,1
DA:300,0
DA:301,0
DA:314,0
DA:322,1
LF:80
LH:19
BRDA:25,0,0,0
BRDA:25,0,1,0
BRDA:74,1,0,0
BRDA:74,1,1,0
BRDA:78,2,0,0
BRDA:78,2,1,0
BRDA:80,3,0,0
BRDA:80,3,1,0
BRDA:80,4,0,0
BRDA:80,4,1,0
BRDA:92,5,0,0
BRDA:92,5,1,0
BRDA:159,6,0,0
BRDA:159,6,1,0
BRDA:168,7,0,0
BRDA:168,7,1,0
BRDA:198,8,0,3
BRDA:198,8,1,0
BRDA:228,9,0,0
BRDA:228,9,1,0
BRDA:228,10,0,0
BRDA:228,10,1,0
BRDA:264,11,0,0
BRDA:264,11,1,0
BRF:24
BRH:1
end_of_record
TN:
SF:routes/cache.js
FN:18,(anonymous_0)
FN:53,(anonymous_1)
FN:84,(anonymous_2)
FN:122,(anonymous_3)
FN:167,(anonymous_4)
FN:207,(anonymous_5)
FN:240,(anonymous_6)
FN:296,(anonymous_7)
FNF:8
FNH:0
FNDA:0,(anonymous_0)
FNDA:0,(anonymous_1)
FNDA:0,(anonymous_2)
FNDA:0,(anonymous_3)
FNDA:0,(anonymous_4)
FNDA:0,(anonymous_5)
FNDA:0,(anonymous_6)
FNDA:0,(anonymous_7)
DA:6,1
DA:7,1
DA:8,1
DA:9,1
DA:11,1
DA:16,1
DA:19,0
DA:21,0
DA:22,0
DA:28,0
DA:29,0
DA:31,0
DA:39,0
DA:40,0
DA:51,1
DA:54,0
DA:55,0
DA:56,0
DA:58,0
DA:68,0
DA:69,0
DA:81,1
DA:85,0
DA:87,0
DA:88,0
DA:94,0
DA:96,0
DA:104,0
DA:105,0
DA:116,1
DA:123,0
DA:125,0
DA:126,0
DA:132,0
DA:134,0
DA:135,0
DA:141,0
DA:143,0
DA:152,0
DA:153,0
DA:164,1
DA:168,0
DA:169,0
DA:170,0
DA:173,0
DA:174,0
DA:180,0
DA:182,0
DA:192,0
DA:193,0
DA:204,1
DA:208,0
DA:210,0
DA:211,0
DA:217,0
DA:219,0
DA:226,0
DA:227,0
DA:238,1
DA:241,0
DA:243,0
DA:244,0
DA:250,0
DA:274,0
DA:281,0
DA:282,0
DA:293,1
DA:297,0
DA:299,0
DA:300,0
DA:306,0
DA:308,0
DA:309,0
DA:316,0
DA:317,0
DA:320,0
DA:321,0
DA:322,0
DA:323,0
DA:326,0
DA:337,0
DA:338,0
DA:346,1
LF:83
LH:14
BRDA:21,0,0,0
BRDA:21,0,1,0
BRDA:21,1,0,0
BRDA:21,1,1,0
BRDA:58,2,0,0
BRDA:58,2,1,0
BRDA:87,3,0,0
BRDA:87,3,1,0
BRDA:87,4,0,0
BRDA:87,4,1,0
BRDA:125,5,0,0
BRDA:125,5,1,0
BRDA:125,6,0,0
BRDA:125,6,1,0
BRDA:134,7,0,0
BRDA:134,7,1,0
BRDA:170,8,0,0
BRDA:173,9,0,0
BRDA:173,9,1,0
BRDA:173,10,0,0
BRDA:173,10,1,0
BRDA:173,10,2,0
BRDA:210,11,0,0
BRDA:210,11,1,0
BRDA:210,12,0,0
BRDA:210,12,1,0
BRDA:243,13,0,0
BRDA:243,13,1,0
BRDA:243,14,0,0
BRDA:243,14,1,0
BRDA:253,15,0,0
BRDA:253,15,1,0
BRDA:299,16,0,0
BRDA:299,16,1,0
BRDA:299,17,0,0
BRDA:299,17,1,0
BRDA:308,18,0,0
BRDA:308,18,1,0
BRDA:321,19,0,0
BRDA:321,19,1,0
BRDA:321,20,0,0
BRDA:321,20,1,0
BRF:42
BRH:0
end_of_record
TN:
SF:routes/dashboard.js
FN:18,(anonymous_0)
FN:50,(anonymous_1)
FN:82,(anonymous_2)
FN:107,(anonymous_3)
FN:153,(anonymous_4)
FN:185,(anonymous_5)
FN:202,(anonymous_6)
FN:203,(anonymous_7)
FN:222,(anonymous_8)
FN:236,(anonymous_9)
FN:274,(anonymous_10)
FN:322,(anonymous_11)
FN:372,generateRecommendations
FNF:13
FNH:0
FNDA:0,(anonymous_0)
FNDA:0,(anonymous_1)
FNDA:0,(anonymous_2)
FNDA:0,(anonymous_3)
FNDA:0,(anonymous_4)
FNDA:0,(anonymous_5)
FNDA:0,(anonymous_6)
FNDA:0,(anonymous_7)
FNDA:0,(anonymous_8)
FNDA:0,(anonymous_9)
FNDA:0,(anonymous_10)
FNDA:0,(anonymous_11)
FNDA:0,generateRecommendations
DA:6,1
DA:7,1
DA:8,1
DA:9,1
DA:11,1
DA:16,1
DA:19,0
DA:21,0
DA:22,0
DA:28,0
DA:30,0
DA:36,0
DA:37,0
DA:48,1
DA:51,0
DA:53,0
DA:54,0
DA:60,0
DA:62,0
DA:68,0
DA:69,0
DA:80,1
DA:83,0
DA:84,0
DA:86,0
DA:92,0
DA:93,0
DA:105,1
DA:108,0
DA:110,0
DA:111,0
DA:117,0
DA:118,0
DA:121,0
DA:132,0
DA:139,0
DA:140,0
DA:151,1
DA:154,0
DA:156,0
DA:157,0
DA:163,0
DA:165,0
DA:171,0
DA:172,0
DA:183,1
DA:186,0
DA:188,0
DA:189,0
DA:195,0
DA:197,0
DA:202,0
DA:203,0
DA:208,0
DA:209,0
DA:220,1
DA:223,0
DA:225,0
DA:226,0
DA:232,0
DA:233,0
DA:236,0
DA:237,0
DA:238,0
DA:239,0
DA:241,0
DA:242,0
DA:245,0
DA:259,0
DA:260,0
DA:271,1
DA:275,0
DA:277,0
DA:278,0
DA:284,0
DA:285,0
DA:287,0
DA:302,0
DA:308,0
DA:309,0
DA:320,1
DA:323,0
DA:325,0
DA:326,0
DA:332,0
DA:354,0
DA:360,0
DA:361,0
DA:373,0
DA:376,0
DA:377,0
DA:387,0
DA:388,0
DA:398,0
DA:399,0
DA:409,0
DA:410,0
DA:420,0
DA:421,0
DA:430,0
DA:433,1
LF:101
LH:15
BRDA:21,0,0,0
BRDA:21,0,1,0
BRDA:21,1,0,0
BRDA:21,1,1,0
BRDA:53,2,0,0
BRDA:53,2,1,0
BRDA:53,3,0,0
BRDA:53,3,1,0
BRDA:86,4,0,0
BRDA:86,4,1,0
BRDA:110,5,0,0
BRDA:110,5,1,0
BRDA:110,6,0,0
BRDA:110,6,1,0
BRDA:117,7,0,0
BRDA:156,8,0,0
BRDA:156,8,1,0
BRDA:156,9,0,0
BRDA:156,9,1,0
BRDA:188,10,0,0
BRDA:188,10,1,0
BRDA:188,11,0,0
BRDA:188,11,1,0
BRDA:203,12,0,0
BRDA:203,12,1,0
BRDA:225,13,0,0
BRDA:225,13,1,0
BRDA:225,14,0,0
BRDA:225,14,1,0
BRDA:232,15,0,0
BRDA:237,16,0,0
BRDA:237,16,1,0
BRDA:238,17,0,0
BRDA:238,17,1,0
BRDA:277,18,0,0
BRDA:277,18,1,0
BRDA:277,19,0,0
BRDA:277,19,1,0
BRDA:284,20,0,0
BRDA:284,21,0,0
BRDA:292,22,0,0
BRDA:292,22,1,0
BRDA:325,23,0,0
BRDA:325,23,1,0
BRDA:325,24,0,0
BRDA:325,24,1,0
BRDA:376,25,0,0
BRDA:376,25,1,0
BRDA:387,26,0,0
BRDA:387,26,1,0
BRDA:398,27,0,0
BRDA:398,27,1,0
BRDA:409,28,0,0
BRDA:409,28,1,0
BRDA:420,29,0,0
BRDA:420,29,1,0
BRF:56
BRH:0
end_of_record
TN:
SF:routes/enhanced-ensemble.js
FN:19,(anonymous_0)
FN:38,(anonymous_1)
FN:73,(anonymous_2)
FN:99,(anonymous_3)
FN:127,calculateConfidenceScore
FN:152,getConfidenceLevel
FN:162,getConfidenceFactors
FN:187,analyzeResponseQuality
FN:189,(anonymous_8)
FN:204,calculateSynthesisConfidence
FN:209,(anonymous_10)
FN:210,(anonymous_11)
FN:234,calculateQualityScore
FN:248,estimateTokenCount
FN:255,assessComplexity
FN:268,calculateConsensusLevel
FN:269,(anonymous_16)
FN:272,(anonymous_17)
FN:282,calculateModelAgreement
FN:283,(anonymous_19)
FN:287,(anonymous_20)
FN:288,(anonymous_21)
FN:289,(anonymous_22)
FN:297,calculateResponseConsistency
FN:298,(anonymous_24)
FN:302,(anonymous_25)
FN:303,(anonymous_26)
FN:304,(anonymous_27)
FN:312,getQualityDistribution
FN:313,(anonymous_29)
FN:316,(anonymous_30)
FN:329,estimateRequestCost
FN:331,(anonymous_32)
FNF:33
FNH:0
FNDA:0,(anonymous_0)
FNDA:0,(anonymous_1)
FNDA:0,(anonymous_2)
FNDA:0,(anonymous_3)
FNDA:0,calculateConfidenceScore
FNDA:0,getConfidenceLevel
FNDA:0,getConfidenceFactors
FNDA:0,analyzeResponseQuality
FNDA:0,(anonymous_8)
FNDA:0,calculateSynthesisConfidence
FNDA:0,(anonymous_10)
FNDA:0,(anonymous_11)
FNDA:0,calculateQualityScore
FNDA:0,estimateTokenCount
FNDA:0,assessComplexity
FNDA:0,calculateConsensusLevel
FNDA:0,(anonymous_16)
FNDA:0,(anonymous_17)
FNDA:0,calculateModelAgreement
FNDA:0,(anonymous_19)
FNDA:0,(anonymous_20)
FNDA:0,(anonymous_21)
FNDA:0,(anonymous_22)
FNDA:0,calculateResponseConsistency
FNDA:0,(anonymous_24)
FNDA:0,(anonymous_25)
FNDA:0,(anonymous_26)
FNDA:0,(anonymous_27)
FNDA:0,getQualityDistribution
FNDA:0,(anonymous_29)
FNDA:0,(anonymous_30)
FNDA:0,estimateRequestCost
FNDA:0,(anonymous_32)
DA:6,1
DA:7,1
DA:8,1
DA:9,1
DA:10,1
DA:12,1
DA:17,1
DA:20,0
DA:21,0
DA:22,0
DA:24,0
DA:25,0
DA:27,0
DA:34,0
DA:35,0
DA:38,0
DA:39,0
DA:40,0
DA:42,0
DA:59,0
DA:62,0
DA:73,0
DA:95,0
DA:99,0
DA:102,0
DA:105,0
DA:107,0
DA:113,0
DA:128,0
DA:130,0
DA:133,0
DA:134,0
DA:135,0
DA:138,0
DA:139,0
DA:142,0
DA:143,0
DA:146,0
DA:153,0
DA:154,0
DA:155,0
DA:156,0
DA:163,0
DA:165,0
DA:166,0
DA:169,0
DA:170,0
DA:173,0
DA:174,0
DA:177,0
DA:178,0
DA:181,0
DA:188,0
DA:189,0
DA:191,0
DA:205,0
DA:206,0
DA:209,0
DA:210,0
DA:212,0
DA:215,0
DA:216,0
DA:217,0
DA:218,0
DA:220,0
DA:235,0
DA:236,0
DA:238,0
DA:239,0
DA:240,0
DA:242,0
DA:249,0
DA:256,0
DA:257,0
DA:258,0
DA:260,0
DA:261,0
DA:262,0
DA:269,0
DA:270,0
DA:272,0
DA:274,0
DA:275,0
DA:276,0
DA:283,0
DA:284,0
DA:287,0
DA:288,0
DA:289,0
DA:291,0
DA:298,0
DA:299,0
DA:302,0
DA:303,0
DA:304,0
DA:306,0
DA:313,0
DA:314,0
DA:316,0
DA:317,0
DA:318,0
DA:319,0
DA:320,0
DA:323,0
DA:330,0
DA:331,0
DA:334,0
DA:336,0
DA:345,1
LF:109
LH:8
BRDA:21,0,0,0
BRDA:21,0,1,0
BRDA:22,1,0,0
BRDA:22,1,1,0
BRDA:25,2,0,0
BRDA:51,3,0,0
BRDA:51,3,1,0
BRDA:128,4,0,0
BRDA:128,4,1,0
BRDA:134,5,0,0
BRDA:134,5,1,0
BRDA:134,6,0,0
BRDA:134,6,1,0
BRDA:135,7,0,0
BRDA:135,7,1,0
BRDA:138,8,0,0
BRDA:138,8,1,0
BRDA:139,9,0,0
BRDA:139,9,1,0
BRDA:142,10,0,0
BRDA:142,10,1,0
BRDA:142,11,0,0
BRDA:142,11,1,0
BRDA:142,11,2,0
BRDA:153,12,0,0
BRDA:153,12,1,0
BRDA:154,13,0,0
BRDA:154,13,1,0
BRDA:155,14,0,0
BRDA:155,14,1,0
BRDA:165,15,0,0
BRDA:165,15,1,0
BRDA:169,16,0,0
BRDA:169,16,1,0
BRDA:173,17,0,0
BRDA:173,17,1,0
BRDA:177,18,0,0
BRDA:177,18,1,0
BRDA:195,19,0,0
BRDA:195,19,1,0
BRDA:205,20,0,0
BRDA:205,20,1,0
BRDA:216,21,0,0
BRDA:216,21,1,0
BRDA:217,22,0,0
BRDA:217,22,1,0
BRDA:218,23,0,0
BRDA:218,23,1,0
BRDA:238,24,0,0
BRDA:238,24,1,0
BRDA:239,25,0,0
BRDA:239,25,1,0
BRDA:240,26,0,0
BRDA:240,26,1,0
BRDA:260,27,0,0
BRDA:260,27,1,0
BRDA:261,28,0,0
BRDA:261,28,1,0
BRDA:270,29,0,0
BRDA:270,29,1,0
BRDA:274,30,0,0
BRDA:274,30,1,0
BRDA:275,31,0,0
BRDA:275,31,1,0
BRDA:284,32,0,0
BRDA:284,32,1,0
BRDA:299,33,0,0
BRDA:299,33,1,0
BRDA:318,34,0,0
BRDA:318,34,1,0
BRDA:319,35,0,0
BRDA:319,35,1,0
BRDA:331,36,0,0
BRDA:331,36,1,0
BRF:74
BRH:0
end_of_record
TN:
SF:routes/health.js
FN:18,(anonymous_0)
FN:22,(anonymous_1)
FN:40,(anonymous_2)
FN:44,(anonymous_3)
FN:81,(anonymous_4)
FN:121,(anonymous_5)
FN:161,(anonymous_6)
FN:197,(anonymous_7)
FN:309,(anonymous_8)
FN:331,(anonymous_9)
FN:359,(anonymous_10)
FN:387,(anonymous_11)
FN:442,(anonymous_12)
FN:519,(anonymous_13)
FN:642,(anonymous_14)
FN:665,(anonymous_15)
FN:692,(anonymous_16)
FN:724,(anonymous_17)
FN:745,(anonymous_18)
FN:786,(anonymous_19)
FN:787,(anonymous_20)
FN:804,(anonymous_21)
FN:833,(anonymous_22)
FN:854,(anonymous_23)
FN:875,(anonymous_24)
FN:901,(anonymous_25)
FN:931,(anonymous_26)
FNF:27
FNH:2
FNDA:2,(anonymous_0)
FNDA:0,(anonymous_1)
FNDA:0,(anonymous_2)
FNDA:0,(anonymous_3)
FNDA:0,(anonymous_4)
FNDA:0,(anonymous_5)
FNDA:0,(anonymous_6)
FNDA:22,(anonymous_7)
FNDA:0,(anonymous_8)
FNDA:0,(anonymous_9)
FNDA:0,(anonymous_10)
FNDA:0,(anonymous_11)
FNDA:0,(anonymous_12)
FNDA:0,(anonymous_13)
FNDA:0,(anonymous_14)
FNDA:0,(anonymous_15)
FNDA:0,(anonymous_16)
FNDA:0,(anonymous_17)
FNDA:0,(anonymous_18)
FNDA:0,(anonymous_19)
FNDA:0,(anonymous_20)
FNDA:0,(anonymous_21)
FNDA:0,(anonymous_22)
FNDA:0,(anonymous_23)
FNDA:0,(anonymous_24)
FNDA:0,(anonymous_25)
FNDA:0,(anonymous_26)
DA:1,1
DA:2,1
DA:3,1
DA:4,1
DA:5,1
DA:6,1
DA:7,1
DA:8,1
DA:9,1
DA:10,1
DA:11,1
DA:12,1
DA:13,1
DA:14,1
DA:15,1
DA:16,1
DA:18,1
DA:19,2
DA:22,1
DA:23,0
DA:24,0
DA:29,0
DA:35,0
DA:36,0
DA:40,1
DA:41,0
DA:44,1
DA:45,0
DA:47,0
DA:66,0
DA:72,0
DA:73,0
DA:81,1
DA:82,0
DA:84,0
DA:104,0
DA:106,0
DA:112,0
DA:113,0
DA:121,1
DA:122,0
DA:124,0
DA:145,0
DA:151,0
DA:152,0
DA:161,1
DA:162,0
DA:163,0
DA:164,0
DA:165,0
DA:167,0
DA:169,0
DA:171,0
DA:186,0
DA:187,0
DA:197,1
DA:198,22
DA:200,22
DA:202,22
DA:203,22
DA:204,22
DA:205,22
DA:208,22
DA:212,22
DA:213,13
DA:225,9
DA:226,9
DA:227,1
DA:234,1
DA:248,8
DA:255,8
DA:258,7
DA:276,7
DA:282,7
DA:285,0
DA:292,0
DA:309,1
DA:310,0
DA:311,0
DA:317,0
DA:329,0
DA:331,0
DA:335,0
DA:336,0
DA:337,0
DA:338,0
DA:341,0
DA:344,0
DA:347,0
DA:349,0
DA:359,1
DA:360,0
DA:361,0
DA:367,0
DA:377,0
DA:379,0
DA:387,1
DA:388,0
DA:389,0
DA:391,0
DA:431,0
DA:433,0
DA:442,1
DA:443,0
DA:444,0
DA:446,0
DA:447,0
DA:454,0
DA:455,0
DA:456,0
DA:457,0
DA:464,0
DA:468,0
DA:469,0
DA:471,0
DA:474,0
DA:499,0
DA:500,0
DA:502,0
DA:505,0
DA:508,0
DA:510,0
DA:519,1
DA:520,0
DA:522,0
DA:524,0
DA:525,0
DA:526,0
DA:529,0
DA:533,0
DA:534,0
DA:549,0
DA:557,0
DA:558,0
DA:566,0
DA:567,0
DA:576,0
DA:584,0
DA:587,0
DA:594,0
DA:602,0
DA:609,0
DA:610,0
DA:612,0
DA:615,0
DA:616,0
DA:617,0
DA:619,0
DA:620,0
DA:623,0
DA:642,1
DA:643,0
DA:644,0
DA:646,0
DA:648,0
DA:655,0
DA:665,1
DA:666,0
DA:667,0
DA:669,0
DA:682,0
DA:692,1
DA:693,0
DA:694,0
DA:697,0
DA:698,0
DA:699,0
DA:705,0
DA:706,0
DA:714,0
DA:724,1
DA:725,0
DA:726,0
DA:728,0
DA:735,0
DA:745,1
DA:746,0
DA:747,0
DA:748,0
DA:751,0
DA:752,0
DA:760,0
DA:761,0
DA:762,0
DA:770,0
DA:771,0
DA:772,0
DA:780,0
DA:786,0
DA:787,0
DA:794,0
DA:804,1
DA:805,0
DA:806,0
DA:808,0
DA:823,0
DA:833,1
DA:834,0
DA:835,0
DA:836,0
DA:838,0
DA:844,0
DA:854,1
DA:855,0
DA:856,0
DA:858,0
DA:859,0
DA:865,0
DA:871,0
DA:875,0
DA:891,0
DA:901,1
DA:902,0
DA:903,0
DA:905,0
DA:921,0
DA:931,1
DA:932,0
DA:933,0
DA:935,0
DA:936,0
DA:943,0
DA:944,0
DA:950,0
DA:957,0
DA:973,0
DA:982,1
LF:227
LH:59
BRDA:72,0,0,0
BRDA:72,0,1,0
BRDA:76,1,0,0
BRDA:76,1,1,0
BRDA:104,2,0,0
BRDA:104,2,1,0
BRDA:112,3,0,0
BRDA:112,3,1,0
BRDA:116,4,0,0
BRDA:116,4,1,0
BRDA:151,5,0,0
BRDA:151,5,1,0
BRDA:155,6,0,0
BRDA:155,6,1,0
BRDA:163,7,0,0
BRDA:163,7,1,0
BRDA:164,8,0,0
BRDA:164,8,1,0
BRDA:165,9,0,0
BRDA:165,9,1,0
BRDA:165,9,2,0
BRDA:198,10,0,22
BRDA:198,10,1,0
BRDA:202,11,0,22
BRDA:202,11,1,1
BRDA:203,12,0,22
BRDA:203,12,1,22
BRDA:203,12,2,0
BRDA:204,13,0,22
BRDA:204,13,1,0
BRDA:205,14,0,22
BRDA:205,14,1,22
BRDA:205,14,2,22
BRDA:212,15,0,13
BRDA:212,15,1,9
BRDA:215,16,0,5
BRDA:215,16,1,8
BRDA:225,17,0,9
BRDA:225,17,1,0
BRDA:226,18,0,1
BRDA:226,18,1,8
BRDA:288,19,0,0
BRDA:288,19,1,0
BRDA:295,20,0,0
BRDA:295,20,1,0
BRDA:331,21,0,0
BRDA:331,21,1,0
BRDA:332,22,0,0
BRDA:332,22,1,0
BRDA:335,23,0,0
BRDA:335,23,1,0
BRDA:337,24,0,0
BRDA:337,24,1,0
BRDA:341,25,0,0
BRDA:341,25,1,0
BRDA:342,26,0,0
BRDA:342,26,1,0
BRDA:446,27,0,0
BRDA:446,27,1,0
BRDA:455,28,0,0
BRDA:455,28,1,0
BRDA:456,29,0,0
BRDA:456,29,1,0
BRDA:469,30,0,0
BRDA:469,30,1,0
BRDA:471,31,0,0
BRDA:471,31,1,0
BRDA:481,32,0,0
BRDA:481,32,1,0
BRDA:500,33,0,0
BRDA:500,33,1,0
BRDA:520,34,0,0
BRDA:520,34,1,0
BRDA:525,35,0,0
BRDA:525,35,1,0
BRDA:525,35,2,0
BRDA:526,36,0,0
BRDA:526,36,1,0
BRDA:533,37,0,0
BRDA:533,37,1,0
BRDA:537,38,0,0
BRDA:537,38,1,0
BRDA:552,39,0,0
BRDA:552,39,1,0
BRDA:553,40,0,0
BRDA:553,40,1,0
BRDA:557,41,0,0
BRDA:557,41,1,0
BRDA:566,42,0,0
BRDA:566,42,1,0
BRDA:578,43,0,0
BRDA:578,43,1,0
BRDA:590,44,0,0
BRDA:590,44,1,0
BRDA:603,45,0,0
BRDA:603,45,1,0
BRDA:612,46,0,0
BRDA:612,46,1,0
BRDA:612,47,0,0
BRDA:612,47,1,0
BRDA:612,47,2,0
BRDA:617,48,0,0
BRDA:617,48,1,0
BRDA:617,49,0,0
BRDA:617,49,1,0
BRDA:626,50,0,0
BRDA:626,50,1,0
BRDA:633,51,0,0
BRDA:633,51,1,0
BRDA:646,52,0,0
BRDA:646,52,1,0
BRDA:675,53,0,0
BRDA:675,53,1,0
BRDA:697,54,0,0
BRDA:697,54,1,0
BRDA:751,55,0,0
BRDA:751,55,1,0
BRDA:760,56,0,0
BRDA:760,56,1,0
BRDA:770,57,0,0
BRDA:770,57,1,0
BRDA:836,58,0,0
BRDA:836,58,1,0
BRDA:856,59,0,0
BRDA:856,60,0,0
BRDA:858,61,0,0
BRDA:858,61,1,0
BRDA:935,62,0,0
BRDA:935,62,1,0
BRDA:935,63,0,0
BRDA:935,63,1,0
BRDA:935,63,2,0
BRDA:943,64,0,0
BRDA:943,64,1,0
BRDA:943,65,0,0
BRDA:943,65,1,0
BRDA:943,65,2,0
BRDA:943,65,3,0
BRDA:943,65,4,0
BRDA:943,65,5,0
BRDA:953,66,0,0
BRDA:953,66,1,0
BRDA:954,67,0,0
BRDA:954,67,1,0
BRF:144
BRH:16
end_of_record
TN:
SF:routes/memory.js
FN:15,(anonymous_0)
FN:32,(anonymous_1)
FN:123,(anonymous_2)
FN:137,(anonymous_3)
FN:170,(anonymous_4)
FN:203,(anonymous_5)
FN:249,(anonymous_6)
FN:280,(anonymous_7)
FNF:8
FNH:0
FNDA:0,(anonymous_0)
FNDA:0,(anonymous_1)
FNDA:0,(anonymous_2)
FNDA:0,(anonymous_3)
FNDA:0,(anonymous_4)
FNDA:0,(anonymous_5)
FNDA:0,(anonymous_6)
FNDA:0,(anonymous_7)
DA:6,1
DA:7,1
DA:8,1
DA:10,1
DA:15,1
DA:16,0
DA:18,0
DA:19,0
DA:25,0
DA:32,1
DA:33,0
DA:42,0
DA:44,0
DA:47,0
DA:51,0
DA:52,0
DA:64,0
DA:65,0
DA:71,0
DA:72,0
DA:78,0
DA:79,0
DA:86,0
DA:87,0
DA:93,0
DA:103,0
DA:111,0
DA:112,0
DA:123,1
DA:124,0
DA:133,0
DA:136,0
DA:137,0
DA:138,0
DA:144,0
DA:145,0
DA:151,0
DA:152,0
DA:158,0
DA:168,0
DA:170,0
DA:191,0
DA:192,0
DA:203,1
DA:204,0
DA:209,0
DA:211,0
DA:212,0
DA:218,0
DA:219,0
DA:225,0
DA:231,0
DA:237,0
DA:238,0
DA:249,1
DA:250,0
DA:251,0
DA:253,0
DA:254,0
DA:260,0
DA:262,0
DA:268,0
DA:269,0
DA:280,1
DA:281,0
DA:283,0
DA:284,0
DA:285,0
DA:288,0
DA:289,0
DA:299,0
DA:305,0
DA:307,0
DA:319,0
DA:320,0
DA:329,1
LF:76
LH:11
BRDA:18,0,0,0
BRDA:18,0,1,0
BRDA:18,1,0,0
BRDA:18,1,1,0
BRDA:18,1,2,0
BRDA:38,2,0,0
BRDA:41,3,0,0
BRDA:44,4,0,0
BRDA:44,4,1,0
BRDA:51,5,0,0
BRDA:51,5,1,0
BRDA:54,6,0,0
BRDA:54,6,1,0
BRDA:64,7,0,0
BRDA:64,7,1,0
BRDA:64,8,0,0
BRDA:64,8,1,0
BRDA:71,9,0,0
BRDA:71,9,1,0
BRDA:71,10,0,0
BRDA:71,10,1,0
BRDA:71,10,2,0
BRDA:78,11,0,0
BRDA:78,11,1,0
BRDA:86,12,0,0
BRDA:86,12,1,0
BRDA:86,13,0,0
BRDA:86,13,1,0
BRDA:86,13,2,0
BRDA:86,13,3,0
BRDA:129,14,0,0
BRDA:130,15,0,0
BRDA:131,16,0,0
BRDA:136,17,0,0
BRDA:136,17,1,0
BRDA:136,18,0,0
BRDA:136,18,1,0
BRDA:136,18,2,0
BRDA:144,19,0,0
BRDA:144,19,1,0
BRDA:144,20,0,0
BRDA:144,20,1,0
BRDA:144,20,2,0
BRDA:151,21,0,0
BRDA:151,21,1,0
BRDA:151,22,0,0
BRDA:151,22,1,0
BRDA:151,22,2,0
BRDA:208,23,0,0
BRDA:211,24,0,0
BRDA:211,24,1,0
BRDA:211,25,0,0
BRDA:211,25,1,0
BRDA:218,26,0,0
BRDA:218,26,1,0
BRDA:218,27,0,0
BRDA:218,27,1,0
BRDA:218,27,2,0
BRDA:253,28,0,0
BRDA:253,28,1,0
BRDA:253,29,0,0
BRDA:253,29,1,0
BRDA:253,29,2,0
BRDA:305,30,0,0
BRDA:305,30,1,0
BRDA:308,31,0,0
BRDA:308,31,1,0
BRDA:309,32,0,0
BRDA:309,32,1,0
BRF:69
BRH:0
end_of_record
TN:
SF:routes/models.js
FN:18,(anonymous_0)
FN:26,(anonymous_1)
FN:63,(anonymous_2)
FN:110,(anonymous_3)
FN:151,(anonymous_4)
FN:212,(anonymous_5)
FN:261,(anonymous_6)
FN:293,(anonymous_7)
FN:325,(anonymous_8)
FNF:9
FNH:0
FNDA:0,(anonymous_0)
FNDA:0,(anonymous_1)
FNDA:0,(anonymous_2)
FNDA:0,(anonymous_3)
FNDA:0,(anonymous_4)
FNDA:0,(anonymous_5)
FNDA:0,(anonymous_6)
FNDA:0,(anonymous_7)
FNDA:0,(anonymous_8)
DA:6,1
DA:7,1
DA:8,1
DA:9,1
DA:11,1
DA:16,1
DA:19,0
DA:20,0
DA:21,0
DA:23,0
DA:26,0
DA:40,0
DA:49,0
DA:50,0
DA:61,1
DA:64,0
DA:65,0
DA:66,0
DA:68,0
DA:69,0
DA:75,0
DA:77,0
DA:93,0
DA:94,0
DA:105,1
DA:111,0
DA:112,0
DA:114,0
DA:115,0
DA:121,0
DA:122,0
DA:128,0
DA:130,0
DA:137,0
DA:138,0
DA:149,1
DA:152,0
DA:153,0
DA:154,0
DA:156,0
DA:157,0
DA:158,0
DA:164,0
DA:166,0
DA:167,0
DA:175,0
DA:177,0
DA:194,0
DA:195,0
DA:206,1
DA:213,0
DA:215,0
DA:216,0
DA:222,0
DA:224,0
DA:225,0
DA:226,0
DA:232,0
DA:240,0
DA:247,0
DA:248,0
DA:259,1
DA:262,0
DA:263,0
DA:264,0
DA:266,0
DA:267,0
DA:273,0
DA:279,0
DA:280,0
DA:291,1
DA:294,0
DA:296,0
DA:297,0
DA:303,0
DA:305,0
DA:312,0
DA:313,0
DA:324,1
DA:326,0
DA:327,0
DA:329,0
DA:339,0
DA:347,1
LF:84
LH:14
BRDA:21,0,0,0
BRDA:21,0,1,0
BRDA:68,1,0,0
BRDA:68,1,1,0
BRDA:89,2,0,0
BRDA:89,2,1,0
BRDA:114,3,0,0
BRDA:114,3,1,0
BRDA:114,4,0,0
BRDA:114,4,1,0
BRDA:121,5,0,0
BRDA:121,5,1,0
BRDA:154,6,0,0
BRDA:154,6,1,0
BRDA:157,7,0,0
BRDA:157,7,1,0
BRDA:166,8,0,0
BRDA:166,8,1,0
BRDA:186,9,0,0
BRDA:186,9,1,0
BRDA:215,10,0,0
BRDA:215,10,1,0
BRDA:215,11,0,0
BRDA:215,11,1,0
BRDA:225,12,0,0
BRDA:225,12,1,0
BRDA:234,13,0,0
BRDA:234,13,1,0
BRDA:266,14,0,0
BRDA:266,14,1,0
BRDA:296,15,0,0
BRDA:296,15,1,0
BRDA:296,16,0,0
BRDA:296,16,1,0
BRF:34
BRH:0
end_of_record
TN:
SF:routes/monitor.js
FN:21,(anonymous_0)
FN:97,(anonymous_1)
FN:209,(anonymous_2)
FN:272,generateSampleResponses
FN:273,(anonymous_4)
FN:309,generateSampleContent
FN:346,(anonymous_6)
FN:379,(anonymous_7)
FN:443,(anonymous_8)
FN:503,(anonymous_9)
FNF:10
FNH:0
FNDA:0,(anonymous_0)
FNDA:0,(anonymous_1)
FNDA:0,(anonymous_2)
FNDA:0,generateSampleResponses
FNDA:0,(anonymous_4)
FNDA:0,generateSampleContent
FNDA:0,(anonymous_6)
FNDA:0,(anonymous_7)
FNDA:0,(anonymous_8)
FNDA:0,(anonymous_9)
DA:6,1
DA:7,1
DA:8,1
DA:9,1
DA:10,1
DA:11,1
DA:12,1
DA:13,1
DA:15,1
DA:21,1
DA:22,0
DA:23,0
DA:24,0
DA:26,0
DA:27,0
DA:33,0
DA:36,0
DA:37,0
DA:38,0
DA:39,0
DA:40,0
DA:42,0
DA:49,0
DA:50,0
DA:57,0
DA:58,0
DA:60,0
DA:61,0
DA:67,0
DA:68,0
DA:69,0
DA:75,0
DA:81,0
DA:83,0
DA:84,0
DA:94,1
DA:98,0
DA:99,0
DA:104,0
DA:105,0
DA:107,0
DA:108,0
DA:111,0
DA:112,0
DA:114,0
DA:115,0
DA:123,0
DA:124,0
DA:126,0
DA:127,0
DA:130,0
DA:131,0
DA:133,0
DA:134,0
DA:138,0
DA:145,0
DA:146,0
DA:148,0
DA:151,0
DA:190,0
DA:193,0
DA:194,0
DA:206,1
DA:210,0
DA:212,0
DA:219,0
DA:260,0
DA:262,0
DA:263,0
DA:273,0
DA:310,0
DA:337,0
DA:343,1
DA:347,0
DA:348,0
DA:350,0
DA:351,0
DA:358,0
DA:359,0
DA:362,0
DA:375,0
DA:376,0
DA:377,0
DA:379,0
DA:380,0
DA:381,0
DA:386,0
DA:390,0
DA:394,0
DA:396,0
DA:425,0
DA:427,0
DA:428,0
DA:440,1
DA:444,0
DA:445,0
DA:446,0
DA:449,0
DA:488,0
DA:490,0
DA:491,0
DA:503,1
DA:504,0
DA:7648,0
DA:7651,1
LF:105
LH:16
BRDA:26,0,0,0
BRDA:26,0,1,0
BRDA:26,1,0,0
BRDA:26,1,1,0
BRDA:36,2,0,0
BRDA:36,2,1,0
BRDA:36,3,0,0
BRDA:36,3,1,0
BRDA:49,4,0,0
BRDA:49,4,1,0
BRDA:60,5,0,0
BRDA:60,5,1,0
BRDA:68,6,0,0
BRDA:68,6,1,0
BRDA:155,7,0,0
BRDA:155,7,1,0
BRDA:156,8,0,0
BRDA:156,8,1,0
BRDA:157,9,0,0
BRDA:157,9,1,0
BRDA:158,10,0,0
BRDA:158,10,1,0
BRDA:159,11,0,0
BRDA:159,11,1,0
BRDA:160,12,0,0
BRDA:160,12,1,0
BRDA:163,13,0,0
BRDA:163,13,1,0
BRDA:164,14,0,0
BRDA:164,14,1,0
BRDA:165,15,0,0
BRDA:165,15,1,0
BRDA:166,16,0,0
BRDA:166,16,1,0
BRDA:166,17,0,0
BRDA:166,17,1,0
BRDA:169,18,0,0
BRDA:169,18,1,0
BRDA:170,19,0,0
BRDA:170,19,1,0
BRDA:171,20,0,0
BRDA:171,20,1,0
BRDA:175,21,0,0
BRDA:175,21,1,0
BRDA:176,22,0,0
BRDA:176,22,1,0
BRDA:176,23,0,0
BRDA:176,23,1,0
BRDA:177,24,0,0
BRDA:177,24,1,0
BRDA:180,25,0,0
BRDA:180,25,1,0
BRDA:181,26,0,0
BRDA:181,26,1,0
BRDA:182,27,0,0
BRDA:182,27,1,0
BRDA:185,28,0,0
BRDA:185,28,1,0
BRDA:337,29,0,0
BRDA:337,29,1,0
BRDA:348,30,0,0
BRDA:348,31,0,0
BRDA:350,32,0,0
BRDA:350,32,1,0
BRDA:390,33,0,0
BRDA:390,33,1,0
BRDA:400,34,0,0
BRDA:400,34,1,0
BRDA:416,35,0,0
BRDA:416,35,1,0
BRDA:417,36,0,0
BRDA:417,36,1,0
BRDA:419,37,0,0
BRDA:419,37,1,0
BRDA:452,38,0,0
BRDA:452,38,1,0
BRF:76
BRH:0
end_of_record
TN:
SF:routes/security.js
FN:23,(anonymous_0)
FN:51,(anonymous_1)
FN:123,(anonymous_2)
FN:159,(anonymous_3)
FN:178,(anonymous_4)
FN:217,(anonymous_5)
FN:273,(anonymous_6)
FN:330,(anonymous_7)
FN:387,(anonymous_8)
FNF:9
FNH:4
FNDA:1,(anonymous_0)
FNDA:2,(anonymous_1)
FNDA:1,(anonymous_2)
FNDA:0,(anonymous_3)
FNDA:0,(anonymous_4)
FNDA:0,(anonymous_5)
FNDA:0,(anonymous_6)
FNDA:1,(anonymous_7)
FNDA:0,(anonymous_8)
DA:6,1
DA:7,1
DA:8,1
DA:9,1
DA:10,1
DA:11,1
DA:13,1
DA:18,1
DA:23,1
DA:24,1
DA:25,1
DA:26,1
DA:28,1
DA:38,0
DA:48,1
DA:52,2
DA:54,2
DA:55,1
DA:63,1
DA:77,1
DA:79,1
DA:80,1
DA:81,1
DA:82,1
DA:83,1
DA:84,1
DA:86,1
DA:89,1
DA:97,1
DA:109,0
DA:110,0
DA:121,1
DA:124,1
DA:126,1
DA:127,0
DA:133,1
DA:134,1
DA:136,1
DA:144,0
DA:145,0
DA:156,1
DA:160,0
DA:162,0
DA:163,0
DA:169,0
DA:170,0
DA:172,0
DA:178,0
DA:179,0
DA:180,0
DA:181,0
DA:183,0
DA:184,0
DA:187,0
DA:199,0
DA:200,0
DA:211,1
DA:218,0
DA:219,0
DA:220,0
DA:222,0
DA:223,0
DA:229,0
DA:230,0
DA:231,0
DA:238,0
DA:250,0
DA:258,0
DA:259,0
DA:270,1
DA:274,0
DA:276,0
DA:277,0
DA:283,0
DA:285,0
DA:286,0
DA:292,0
DA:295,0
DA:307,0
DA:316,0
DA:317,0
DA:328,1
DA:331,1
DA:333,1
DA:334,0
DA:340,1
DA:366,1
DA:373,0
DA:374,0
DA:385,1
DA:388,0
DA:389,0
DA:390,0
DA:396,0
DA:397,0
DA:399,0
DA:401,0
DA:408,0
DA:411,0
DA:416,0
DA:419,0
DA:420,0
DA:427,0
DA:433,0
DA:440,0
DA:441,0
DA:449,1
LF:107
LH:44
BRDA:54,0,0,1
BRDA:54,0,1,1
BRDA:54,1,0,2
BRDA:54,1,1,2
BRDA:70,2,0,1
BRDA:71,3,0,1
BRDA:80,4,0,0
BRDA:80,4,1,1
BRDA:81,5,0,0
BRDA:81,5,1,1
BRDA:82,6,0,0
BRDA:82,6,1,1
BRDA:83,7,0,0
BRDA:83,7,1,1
BRDA:84,8,0,0
BRDA:84,8,1,1
BRDA:126,9,0,0
BRDA:126,9,1,1
BRDA:126,10,0,1
BRDA:126,10,1,1
BRDA:133,11,0,1
BRDA:162,12,0,0
BRDA:162,12,1,0
BRDA:162,13,0,0
BRDA:162,13,1,0
BRDA:169,14,0,0
BRDA:180,15,0,0
BRDA:180,15,1,0
BRDA:219,16,0,0
BRDA:220,17,0,0
BRDA:220,17,1,0
BRDA:222,18,0,0
BRDA:222,18,1,0
BRDA:222,19,0,0
BRDA:222,19,1,0
BRDA:230,20,0,0
BRDA:230,20,1,0
BRDA:276,21,0,0
BRDA:276,21,1,0
BRDA:276,22,0,0
BRDA:276,22,1,0
BRDA:283,23,0,0
BRDA:285,24,0,0
BRDA:285,24,1,0
BRDA:285,25,0,0
BRDA:285,25,1,0
BRDA:333,26,0,0
BRDA:333,26,1,1
BRDA:333,27,0,1
BRDA:333,27,1,1
BRDA:389,28,0,0
BRDA:389,28,1,0
BRDA:399,29,0,0
BRDA:399,29,1,0
BRDA:399,29,2,0
BRDA:399,29,3,0
BRF:56
BRH:18
end_of_record
TN:
SF:routes/status.js
FN:17,(anonymous_0)
FN:34,(anonymous_1)
FN:360,getSystemStatus
FN:423,checkVendorStatus
FN:454,checkEnsembleService
FN:479,checkMemorySystem
FN:503,checkCacheService
FN:528,checkMonitoringService
FN:553,getStatusDescription
FNF:9
FNH:0
FNDA:0,(anonymous_0)
FNDA:0,(anonymous_1)
FNDA:0,getSystemStatus
FNDA:0,checkVendorStatus
FNDA:0,checkEnsembleService
FNDA:0,checkMemorySystem
FNDA:0,checkCacheService
FNDA:0,checkMonitoringService
FNDA:0,getStatusDescription
DA:6,1
DA:7,1
DA:8,1
DA:9,1
DA:10,1
DA:12,1
DA:17,1
DA:18,0
DA:19,0
DA:20,0
DA:22,0
DA:23,0
DA:34,1
DA:35,0
DA:354,0
DA:361,0
DA:362,0
DA:363,0
DA:364,0
DA:367,0
DA:373,0
DA:374,0
DA:375,0
DA:377,0
DA:378,0
DA:382,0
DA:389,0
DA:390,0
DA:391,0
DA:393,0
DA:394,0
DA:398,0
DA:399,0
DA:400,0
DA:401,0
DA:404,0
DA:424,0
DA:426,0
DA:429,0
DA:430,0
DA:432,0
DA:440,0
DA:455,0
DA:456,0
DA:457,0
DA:465,0
DA:480,0
DA:481,0
DA:489,0
DA:504,0
DA:505,0
DA:506,0
DA:514,0
DA:529,0
DA:530,0
DA:531,0
DA:539,0
DA:554,0
DA:555,0
DA:556,0
DA:557,0
DA:559,0
DA:563,1
LF:63
LH:9
BRDA:377,0,0,0
BRDA:377,0,1,0
BRDA:378,1,0,0
BRDA:378,1,1,0
BRDA:393,2,0,0
BRDA:393,2,1,0
BRDA:394,3,0,0
BRDA:394,3,1,0
BRDA:398,4,0,0
BRDA:398,4,1,0
BRDA:400,5,0,0
BRDA:400,5,1,0
BRDA:434,6,0,0
BRDA:434,6,1,0
BRDA:436,7,0,0
BRDA:436,7,1,0
BRDA:508,8,0,0
BRDA:508,8,1,0
BRDA:510,9,0,0
BRDA:510,9,1,0
BRDA:533,10,0,0
BRDA:533,10,1,0
BRDA:554,11,0,0
BRDA:554,11,1,0
BRDA:556,12,0,0
BRDA:556,12,1,0
BRF:26
BRH:0
end_of_record
